{"meta": {"format": 3, "version": "7.9.2", "timestamp": "2025-07-08T18:45:03.887443", "branch_coverage": false, "show_contexts": false}, "files": {"api/dependencies/auth.py": {"executed_lines": [1, 3, 5, 6, 7, 8, 9, 11, 12, 13, 14, 16, 19, 64, 87, 110], "summary": {"covered_lines": 15, "num_statements": 37, "percent_covered": 40.54054054054054, "percent_covered_display": "40.54", "missing_lines": 22, "excluded_lines": 0}, "missing_lines": [36, 42, 43, 44, 46, 47, 49, 50, 53, 56, 58, 59, 61, 79, 80, 84, 102, 103, 107, 125, 126, 130], "excluded_lines": [], "functions": {"get_current_user": {"executed_lines": [], "summary": {"covered_lines": 0, "num_statements": 13, "percent_covered": 0.0, "percent_covered_display": "0.00", "missing_lines": 13, "excluded_lines": 0}, "missing_lines": [36, 42, 43, 44, 46, 47, 49, 50, 53, 56, 58, 59, 61], "excluded_lines": []}, "get_current_active_user": {"executed_lines": [], "summary": {"covered_lines": 0, "num_statements": 3, "percent_covered": 0.0, "percent_covered_display": "0.00", "missing_lines": 3, "excluded_lines": 0}, "missing_lines": [79, 80, 84], "excluded_lines": []}, "require_admin": {"executed_lines": [], "summary": {"covered_lines": 0, "num_statements": 3, "percent_covered": 0.0, "percent_covered_display": "0.00", "missing_lines": 3, "excluded_lines": 0}, "missing_lines": [102, 103, 107], "excluded_lines": []}, "require_company_admin": {"executed_lines": [], "summary": {"covered_lines": 0, "num_statements": 3, "percent_covered": 0.0, "percent_covered_display": "0.00", "missing_lines": 3, "excluded_lines": 0}, "missing_lines": [125, 126, 130], "excluded_lines": []}, "": {"executed_lines": [1, 3, 5, 6, 7, 8, 9, 11, 12, 13, 14, 16, 19, 64, 87, 110], "summary": {"covered_lines": 15, "num_statements": 15, "percent_covered": 100.0, "percent_covered_display": "100.00", "missing_lines": 0, "excluded_lines": 0}, "missing_lines": [], "excluded_lines": []}}, "classes": {"": {"executed_lines": [1, 3, 5, 6, 7, 8, 9, 11, 12, 13, 14, 16, 19, 64, 87, 110], "summary": {"covered_lines": 15, "num_statements": 37, "percent_covered": 40.54054054054054, "percent_covered_display": "40.54", "missing_lines": 22, "excluded_lines": 0}, "missing_lines": [36, 42, 43, 44, 46, 47, 49, 50, 53, 56, 58, 59, 61, 79, 80, 84, 102, 103, 107, 125, 126, 130], "excluded_lines": []}}}, "api/dependencies/common.py": {"executed_lines": [1, 3, 5, 7, 10], "summary": {"covered_lines": 4, "num_statements": 5, "percent_covered": 80.0, "percent_covered_display": "80.00", "missing_lines": 1, "excluded_lines": 0}, "missing_lines": [29], "excluded_lines": [], "functions": {"get_pagination_params": {"executed_lines": [], "summary": {"covered_lines": 0, "num_statements": 1, "percent_covered": 0.0, "percent_covered_display": "0.00", "missing_lines": 1, "excluded_lines": 0}, "missing_lines": [29], "excluded_lines": []}, "": {"executed_lines": [1, 3, 5, 7, 10], "summary": {"covered_lines": 4, "num_statements": 4, "percent_covered": 100.0, "percent_covered_display": "100.00", "missing_lines": 0, "excluded_lines": 0}, "missing_lines": [], "excluded_lines": []}}, "classes": {"": {"executed_lines": [1, 3, 5, 7, 10], "summary": {"covered_lines": 4, "num_statements": 5, "percent_covered": 80.0, "percent_covered_display": "80.00", "missing_lines": 1, "excluded_lines": 0}, "missing_lines": [29], "excluded_lines": []}}}, "api/routes/auth.py": {"executed_lines": [1, 3, 4, 6, 7, 8, 9, 10, 12, 13, 14, 21, 22, 23, 24, 25, 26, 27, 29, 32, 33, 34, 96, 97, 98, 168, 169, 170, 282, 283, 284, 396, 397, 459, 460], "summary": {"covered_lines": 34, "num_statements": 146, "percent_covered": 23.28767123287671, "percent_covered_display": "23.29", "missing_lines": 112, "excluded_lines": 0}, "missing_lines": [54, 57, 58, 65, 68, 80, 81, 82, 85, 86, 93, 117, 120, 122, 123, 129, 130, 136, 140, 147, 148, 152, 153, 158, 159, 161, 190, 193, 195, 196, 201, 202, 208, 209, 210, 216, 217, 228, 230, 231, 237, 238, 239, 240, 241, 244, 251, 253, 254, 255, 261, 262, 266, 267, 272, 273, 275, 304, 307, 309, 310, 315, 316, 321, 322, 328, 329, 330, 336, 337, 343, 344, 346, 347, 348, 349, 350, 353, 360, 362, 363, 364, 370, 371, 372, 375, 376, 380, 381, 386, 387, 389, 414, 420, 421, 422, 423, 425, 426, 427, 429, 430, 433, 436, 438, 439, 442, 443, 447, 448, 452, 472], "excluded_lines": [], "functions": {"register": {"executed_lines": [], "summary": {"covered_lines": 0, "num_statements": 11, "percent_covered": 0.0, "percent_covered_display": "0.00", "missing_lines": 11, "excluded_lines": 0}, "missing_lines": [54, 57, 58, 65, 68, 80, 81, 82, 85, 86, 93], "excluded_lines": []}, "login": {"executed_lines": [], "summary": {"covered_lines": 0, "num_statements": 15, "percent_covered": 0.0, "percent_covered_display": "0.00", "missing_lines": 15, "excluded_lines": 0}, "missing_lines": [117, 120, 122, 123, 129, 130, 136, 140, 147, 148, 152, 153, 158, 159, 161], "excluded_lines": []}, "login_with_2fa": {"executed_lines": [], "summary": {"covered_lines": 0, "num_statements": 31, "percent_covered": 0.0, "percent_covered_display": "0.00", "missing_lines": 31, "excluded_lines": 0}, "missing_lines": [190, 193, 195, 196, 201, 202, 208, 209, 210, 216, 217, 228, 230, 231, 237, 238, 239, 240, 241, 244, 251, 253, 254, 255, 261, 262, 266, 267, 272, 273, 275], "excluded_lines": []}, "login_with_backup_code": {"executed_lines": [], "summary": {"covered_lines": 0, "num_statements": 35, "percent_covered": 0.0, "percent_covered_display": "0.00", "missing_lines": 35, "excluded_lines": 0}, "missing_lines": [304, 307, 309, 310, 315, 316, 321, 322, 328, 329, 330, 336, 337, 343, 344, 346, 347, 348, 349, 350, 353, 360, 362, 363, 364, 370, 371, 372, 375, 376, 380, 381, 386, 387, 389], "excluded_lines": []}, "refresh_token": {"executed_lines": [], "summary": {"covered_lines": 0, "num_statements": 19, "percent_covered": 0.0, "percent_covered_display": "0.00", "missing_lines": 19, "excluded_lines": 0}, "missing_lines": [414, 420, 421, 422, 423, 425, 426, 427, 429, 430, 433, 436, 438, 439, 442, 443, 447, 448, 452], "excluded_lines": []}, "get_current_user_info": {"executed_lines": [], "summary": {"covered_lines": 0, "num_statements": 1, "percent_covered": 0.0, "percent_covered_display": "0.00", "missing_lines": 1, "excluded_lines": 0}, "missing_lines": [472], "excluded_lines": []}, "": {"executed_lines": [1, 3, 4, 6, 7, 8, 9, 10, 12, 13, 14, 21, 22, 23, 24, 25, 26, 27, 29, 32, 33, 34, 96, 97, 98, 168, 169, 170, 282, 283, 284, 396, 397, 459, 460], "summary": {"covered_lines": 34, "num_statements": 34, "percent_covered": 100.0, "percent_covered_display": "100.00", "missing_lines": 0, "excluded_lines": 0}, "missing_lines": [], "excluded_lines": []}}, "classes": {"": {"executed_lines": [1, 3, 4, 6, 7, 8, 9, 10, 12, 13, 14, 21, 22, 23, 24, 25, 26, 27, 29, 32, 33, 34, 96, 97, 98, 168, 169, 170, 282, 283, 284, 396, 397, 459, 460], "summary": {"covered_lines": 34, "num_statements": 146, "percent_covered": 23.28767123287671, "percent_covered_display": "23.29", "missing_lines": 112, "excluded_lines": 0}, "missing_lines": [54, 57, 58, 65, 68, 80, 81, 82, 85, 86, 93, 117, 120, 122, 123, 129, 130, 136, 140, 147, 148, 152, 153, 158, 159, 161, 190, 193, 195, 196, 201, 202, 208, 209, 210, 216, 217, 228, 230, 231, 237, 238, 239, 240, 241, 244, 251, 253, 254, 255, 261, 262, 266, 267, 272, 273, 275, 304, 307, 309, 310, 315, 316, 321, 322, 328, 329, 330, 336, 337, 343, 344, 346, 347, 348, 349, 350, 353, 360, 362, 363, 364, 370, 371, 372, 375, 376, 380, 381, 386, 387, 389, 414, 420, 421, 422, 423, 425, 426, 427, 429, 430, 433, 436, 438, 439, 442, 443, 447, 448, 452, 472], "excluded_lines": []}}}, "api/routes/companies.py": {"executed_lines": [1, 3, 5, 6, 7, 9, 15, 16, 17, 18, 19, 21, 24, 25, 54, 55, 75, 76, 113, 114, 154, 155, 205, 206, 288, 289, 334, 335], "summary": {"covered_lines": 27, "num_statements": 98, "percent_covered": 27.551020408163264, "percent_covered_display": "27.55", "missing_lines": 71, "excluded_lines": 0}, "missing_lines": [41, 43, 49, 51, 69, 70, 72, 93, 94, 99, 102, 104, 105, 110, 134, 135, 140, 143, 145, 146, 151, 175, 178, 179, 185, 186, 189, 190, 196, 198, 199, 200, 202, 228, 229, 235, 238, 240, 241, 247, 248, 254, 257, 258, 261, 262, 268, 269, 272, 273, 279, 280, 282, 283, 285, 306, 309, 311, 312, 318, 321, 323, 324, 330, 331, 357, 358, 363, 365, 372, 374], "excluded_lines": [], "functions": {"get_companies": {"executed_lines": [], "summary": {"covered_lines": 0, "num_statements": 4, "percent_covered": 0.0, "percent_covered_display": "0.00", "missing_lines": 4, "excluded_lines": 0}, "missing_lines": [41, 43, 49, 51], "excluded_lines": []}, "get_companies_count": {"executed_lines": [], "summary": {"covered_lines": 0, "num_statements": 3, "percent_covered": 0.0, "percent_covered_display": "0.00", "missing_lines": 3, "excluded_lines": 0}, "missing_lines": [69, 70, 72], "excluded_lines": []}, "get_my_company": {"executed_lines": [], "summary": {"covered_lines": 0, "num_statements": 7, "percent_covered": 0.0, "percent_covered_display": "0.00", "missing_lines": 7, "excluded_lines": 0}, "missing_lines": [93, 94, 99, 102, 104, 105, 110], "excluded_lines": []}, "get_company": {"executed_lines": [], "summary": {"covered_lines": 0, "num_statements": 7, "percent_covered": 0.0, "percent_covered_display": "0.00", "missing_lines": 7, "excluded_lines": 0}, "missing_lines": [134, 135, 140, 143, 145, 146, 151], "excluded_lines": []}, "create_company": {"executed_lines": [], "summary": {"covered_lines": 0, "num_statements": 12, "percent_covered": 0.0, "percent_covered_display": "0.00", "missing_lines": 12, "excluded_lines": 0}, "missing_lines": [175, 178, 179, 185, 186, 189, 190, 196, 198, 199, 200, 202], "excluded_lines": []}, "update_company": {"executed_lines": [], "summary": {"covered_lines": 0, "num_statements": 22, "percent_covered": 0.0, "percent_covered_display": "0.00", "missing_lines": 22, "excluded_lines": 0}, "missing_lines": [228, 229, 235, 238, 240, 241, 247, 248, 254, 257, 258, 261, 262, 268, 269, 272, 273, 279, 280, 282, 283, 285], "excluded_lines": []}, "delete_company": {"executed_lines": [], "summary": {"covered_lines": 0, "num_statements": 10, "percent_covered": 0.0, "percent_covered_display": "0.00", "missing_lines": 10, "excluded_lines": 0}, "missing_lines": [306, 309, 311, 312, 318, 321, 323, 324, 330, 331], "excluded_lines": []}, "get_company_users": {"executed_lines": [], "summary": {"covered_lines": 0, "num_statements": 6, "percent_covered": 0.0, "percent_covered_display": "0.00", "missing_lines": 6, "excluded_lines": 0}, "missing_lines": [357, 358, 363, 365, 372, 374], "excluded_lines": []}, "": {"executed_lines": [1, 3, 5, 6, 7, 9, 15, 16, 17, 18, 19, 21, 24, 25, 54, 55, 75, 76, 113, 114, 154, 155, 205, 206, 288, 289, 334, 335], "summary": {"covered_lines": 27, "num_statements": 27, "percent_covered": 100.0, "percent_covered_display": "100.00", "missing_lines": 0, "excluded_lines": 0}, "missing_lines": [], "excluded_lines": []}}, "classes": {"": {"executed_lines": [1, 3, 5, 6, 7, 9, 15, 16, 17, 18, 19, 21, 24, 25, 54, 55, 75, 76, 113, 114, 154, 155, 205, 206, 288, 289, 334, 335], "summary": {"covered_lines": 27, "num_statements": 98, "percent_covered": 27.551020408163264, "percent_covered_display": "27.55", "missing_lines": 71, "excluded_lines": 0}, "missing_lines": [41, 43, 49, 51, 69, 70, 72, 93, 94, 99, 102, 104, 105, 110, 134, 135, 140, 143, 145, 146, 151, 175, 178, 179, 185, 186, 189, 190, 196, 198, 199, 200, 202, 228, 229, 235, 238, 240, 241, 247, 248, 254, 257, 258, 261, 262, 268, 269, 272, 273, 279, 280, 282, 283, 285, 306, 309, 311, 312, 318, 321, 323, 324, 330, 331, 357, 358, 363, 365, 372, 374], "excluded_lines": []}}}, "api/routes/email_verification.py": {"executed_lines": [1, 3, 4, 5, 7, 8, 9, 11, 12, 13, 14, 15, 16, 18, 21, 22, 65, 66, 111, 112], "summary": {"covered_lines": 19, "num_statements": 48, "percent_covered": 39.583333333333336, "percent_covered_display": "39.58", "missing_lines": 29, "excluded_lines": 0}, "missing_lines": [41, 42, 48, 49, 51, 54, 55, 62, 84, 87, 89, 90, 95, 96, 102, 103, 104, 106, 108, 129, 132, 135, 136, 139, 140, 142, 145, 146, 153], "excluded_lines": [], "functions": {"send_verification_email_endpoint": {"executed_lines": [], "summary": {"covered_lines": 0, "num_statements": 8, "percent_covered": 0.0, "percent_covered_display": "0.00", "missing_lines": 8, "excluded_lines": 0}, "missing_lines": [41, 42, 48, 49, 51, 54, 55, 62], "excluded_lines": []}, "verify_email": {"executed_lines": [], "summary": {"covered_lines": 0, "num_statements": 11, "percent_covered": 0.0, "percent_covered_display": "0.00", "missing_lines": 11, "excluded_lines": 0}, "missing_lines": [84, 87, 89, 90, 95, 96, 102, 103, 104, 106, 108], "excluded_lines": []}, "resend_verification_email": {"executed_lines": [], "summary": {"covered_lines": 0, "num_statements": 10, "percent_covered": 0.0, "percent_covered_display": "0.00", "missing_lines": 10, "excluded_lines": 0}, "missing_lines": [129, 132, 135, 136, 139, 140, 142, 145, 146, 153], "excluded_lines": []}, "": {"executed_lines": [1, 3, 4, 5, 7, 8, 9, 11, 12, 13, 14, 15, 16, 18, 21, 22, 65, 66, 111, 112], "summary": {"covered_lines": 19, "num_statements": 19, "percent_covered": 100.0, "percent_covered_display": "100.00", "missing_lines": 0, "excluded_lines": 0}, "missing_lines": [], "excluded_lines": []}}, "classes": {"": {"executed_lines": [1, 3, 4, 5, 7, 8, 9, 11, 12, 13, 14, 15, 16, 18, 21, 22, 65, 66, 111, 112], "summary": {"covered_lines": 19, "num_statements": 48, "percent_covered": 39.583333333333336, "percent_covered_display": "39.58", "missing_lines": 29, "excluded_lines": 0}, "missing_lines": [41, 42, 48, 49, 51, 54, 55, 62, 84, 87, 89, 90, 95, 96, 102, 103, 104, 106, 108, 129, 132, 135, 136, 139, 140, 142, 145, 146, 153], "excluded_lines": []}}}, "api/routes/health.py": {"executed_lines": [1, 3, 4, 6, 7, 8, 10, 11, 13, 16, 17, 24, 32, 33], "summary": {"covered_lines": 13, "num_statements": 20, "percent_covered": 65.0, "percent_covered_display": "65.00", "missing_lines": 7, "excluded_lines": 0}, "missing_lines": [45, 47, 48, 50, 55, 56, 57], "excluded_lines": [], "functions": {"health_check": {"executed_lines": [24], "summary": {"covered_lines": 1, "num_statements": 1, "percent_covered": 100.0, "percent_covered_display": "100.00", "missing_lines": 0, "excluded_lines": 0}, "missing_lines": [], "excluded_lines": []}, "database_health_check": {"executed_lines": [], "summary": {"covered_lines": 0, "num_statements": 7, "percent_covered": 0.0, "percent_covered_display": "0.00", "missing_lines": 7, "excluded_lines": 0}, "missing_lines": [45, 47, 48, 50, 55, 56, 57], "excluded_lines": []}, "": {"executed_lines": [1, 3, 4, 6, 7, 8, 10, 11, 13, 16, 17, 32, 33], "summary": {"covered_lines": 12, "num_statements": 12, "percent_covered": 100.0, "percent_covered_display": "100.00", "missing_lines": 0, "excluded_lines": 0}, "missing_lines": [], "excluded_lines": []}}, "classes": {"": {"executed_lines": [1, 3, 4, 6, 7, 8, 10, 11, 13, 16, 17, 24, 32, 33], "summary": {"covered_lines": 13, "num_statements": 20, "percent_covered": 65.0, "percent_covered_display": "65.00", "missing_lines": 7, "excluded_lines": 0}, "missing_lines": [45, 47, 48, 50, 55, 56, 57], "excluded_lines": []}}}, "api/routes/password_reset.py": {"executed_lines": [1, 3, 4, 5, 7, 8, 9, 10, 12, 13, 14, 15, 16, 17, 19, 22, 23, 24, 27, 28, 29, 30, 33, 34, 81, 82, 136, 137], "summary": {"covered_lines": 25, "num_statements": 58, "percent_covered": 43.10344827586207, "percent_covered_display": "43.10", "missing_lines": 33, "excluded_lines": 0}, "missing_lines": [51, 54, 57, 59, 60, 63, 64, 65, 67, 70, 71, 78, 100, 103, 105, 106, 112, 113, 119, 120, 126, 127, 128, 129, 131, 133, 155, 158, 160, 161, 167, 168, 173], "excluded_lines": [], "functions": {"request_password_reset": {"executed_lines": [], "summary": {"covered_lines": 0, "num_statements": 12, "percent_covered": 0.0, "percent_covered_display": "0.00", "missing_lines": 12, "excluded_lines": 0}, "missing_lines": [51, 54, 57, 59, 60, 63, 64, 65, 67, 70, 71, 78], "excluded_lines": []}, "reset_password": {"executed_lines": [], "summary": {"covered_lines": 0, "num_statements": 14, "percent_covered": 0.0, "percent_covered_display": "0.00", "missing_lines": 14, "excluded_lines": 0}, "missing_lines": [100, 103, 105, 106, 112, 113, 119, 120, 126, 127, 128, 129, 131, 133], "excluded_lines": []}, "validate_reset_token": {"executed_lines": [], "summary": {"covered_lines": 0, "num_statements": 7, "percent_covered": 0.0, "percent_covered_display": "0.00", "missing_lines": 7, "excluded_lines": 0}, "missing_lines": [155, 158, 160, 161, 167, 168, 173], "excluded_lines": []}, "": {"executed_lines": [1, 3, 4, 5, 7, 8, 9, 10, 12, 13, 14, 15, 16, 17, 19, 22, 23, 24, 27, 28, 29, 30, 33, 34, 81, 82, 136, 137], "summary": {"covered_lines": 25, "num_statements": 25, "percent_covered": 100.0, "percent_covered_display": "100.00", "missing_lines": 0, "excluded_lines": 0}, "missing_lines": [], "excluded_lines": []}}, "classes": {"PasswordResetRequest": {"executed_lines": [], "summary": {"covered_lines": 0, "num_statements": 0, "percent_covered": 100.0, "percent_covered_display": "100.00", "missing_lines": 0, "excluded_lines": 0}, "missing_lines": [], "excluded_lines": []}, "PasswordResetConfirm": {"executed_lines": [], "summary": {"covered_lines": 0, "num_statements": 0, "percent_covered": 100.0, "percent_covered_display": "100.00", "missing_lines": 0, "excluded_lines": 0}, "missing_lines": [], "excluded_lines": []}, "": {"executed_lines": [1, 3, 4, 5, 7, 8, 9, 10, 12, 13, 14, 15, 16, 17, 19, 22, 23, 24, 27, 28, 29, 30, 33, 34, 81, 82, 136, 137], "summary": {"covered_lines": 25, "num_statements": 58, "percent_covered": 43.10344827586207, "percent_covered_display": "43.10", "missing_lines": 33, "excluded_lines": 0}, "missing_lines": [51, 54, 57, 59, 60, 63, 64, 65, 67, 70, 71, 78, 100, 103, 105, 106, 112, 113, 119, 120, 126, 127, 128, 129, 131, 133, 155, 158, 160, 161, 167, 168, 173], "excluded_lines": []}}}, "api/routes/two_factor.py": {"executed_lines": [1, 3, 4, 5, 7, 8, 9, 11, 12, 13, 14, 15, 16, 17, 18, 25, 28, 54, 73, 74, 75, 127, 128, 129, 181, 182, 183, 244, 245, 279, 280, 281], "summary": {"covered_lines": 31, "num_statements": 111, "percent_covered": 27.92792792792793, "percent_covered_display": "27.93", "missing_lines": 80, "excluded_lines": 0}, "missing_lines": [31, 33, 45, 47, 48, 62, 69, 70, 88, 89, 95, 96, 102, 105, 108, 111, 114, 115, 117, 119, 141, 144, 145, 151, 152, 153, 154, 160, 162, 163, 166, 168, 170, 173, 175, 195, 196, 202, 203, 209, 212, 213, 214, 215, 220, 222, 223, 224, 225, 226, 229, 231, 233, 236, 238, 254, 255, 260, 261, 262, 263, 264, 266, 272, 294, 295, 301, 302, 308, 309, 310, 311, 316, 317, 323, 326, 327, 328, 330, 332], "excluded_lines": [], "functions": {"check_rate_limit": {"executed_lines": [], "summary": {"covered_lines": 0, "num_statements": 5, "percent_covered": 0.0, "percent_covered_display": "0.00", "missing_lines": 5, "excluded_lines": 0}, "missing_lines": [31, 33, 45, 47, 48], "excluded_lines": []}, "log_attempt": {"executed_lines": [], "summary": {"covered_lines": 0, "num_statements": 3, "percent_covered": 0.0, "percent_covered_display": "0.00", "missing_lines": 3, "excluded_lines": 0}, "missing_lines": [62, 69, 70], "excluded_lines": []}, "setup_two_factor": {"executed_lines": [], "summary": {"covered_lines": 0, "num_statements": 12, "percent_covered": 0.0, "percent_covered_display": "0.00", "missing_lines": 12, "excluded_lines": 0}, "missing_lines": [88, 89, 95, 96, 102, 105, 108, 111, 114, 115, 117, 119], "excluded_lines": []}, "verify_two_factor_setup": {"executed_lines": [], "summary": {"covered_lines": 0, "num_statements": 15, "percent_covered": 0.0, "percent_covered_display": "0.00", "missing_lines": 15, "excluded_lines": 0}, "missing_lines": [141, 144, 145, 151, 152, 153, 154, 160, 162, 163, 166, 168, 170, 173, 175], "excluded_lines": []}, "disable_two_factor": {"executed_lines": [], "summary": {"covered_lines": 0, "num_statements": 20, "percent_covered": 0.0, "percent_covered_display": "0.00", "missing_lines": 20, "excluded_lines": 0}, "missing_lines": [195, 196, 202, 203, 209, 212, 213, 214, 215, 220, 222, 223, 224, 225, 226, 229, 231, 233, 236, 238], "excluded_lines": []}, "get_backup_codes": {"executed_lines": [], "summary": {"covered_lines": 0, "num_statements": 9, "percent_covered": 0.0, "percent_covered_display": "0.00", "missing_lines": 9, "excluded_lines": 0}, "missing_lines": [254, 255, 260, 261, 262, 263, 264, 266, 272], "excluded_lines": []}, "regenerate_backup_codes": {"executed_lines": [], "summary": {"covered_lines": 0, "num_statements": 16, "percent_covered": 0.0, "percent_covered_display": "0.00", "missing_lines": 16, "excluded_lines": 0}, "missing_lines": [294, 295, 301, 302, 308, 309, 310, 311, 316, 317, 323, 326, 327, 328, 330, 332], "excluded_lines": []}, "": {"executed_lines": [1, 3, 4, 5, 7, 8, 9, 11, 12, 13, 14, 15, 16, 17, 18, 25, 28, 54, 73, 74, 75, 127, 128, 129, 181, 182, 183, 244, 245, 279, 280, 281], "summary": {"covered_lines": 31, "num_statements": 31, "percent_covered": 100.0, "percent_covered_display": "100.00", "missing_lines": 0, "excluded_lines": 0}, "missing_lines": [], "excluded_lines": []}}, "classes": {"": {"executed_lines": [1, 3, 4, 5, 7, 8, 9, 11, 12, 13, 14, 15, 16, 17, 18, 25, 28, 54, 73, 74, 75, 127, 128, 129, 181, 182, 183, 244, 245, 279, 280, 281], "summary": {"covered_lines": 31, "num_statements": 111, "percent_covered": 27.92792792792793, "percent_covered_display": "27.93", "missing_lines": 80, "excluded_lines": 0}, "missing_lines": [31, 33, 45, 47, 48, 62, 69, 70, 88, 89, 95, 96, 102, 105, 108, 111, 114, 115, 117, 119, 141, 144, 145, 151, 152, 153, 154, 160, 162, 163, 166, 168, 170, 173, 175, 195, 196, 202, 203, 209, 212, 213, 214, 215, 220, 222, 223, 224, 225, 226, 229, 231, 233, 236, 238, 254, 255, 260, 261, 262, 263, 264, 266, 272, 294, 295, 301, 302, 308, 309, 310, 311, 316, 317, 323, 326, 327, 328, 330, 332], "excluded_lines": []}}}, "api/routes/users.py": {"executed_lines": [1, 3, 5, 6, 7, 9, 14, 15, 16, 17, 19, 22, 23, 52, 53, 73, 74, 114, 115, 163, 164, 240, 241], "summary": {"covered_lines": 22, "num_statements": 73, "percent_covered": 30.136986301369863, "percent_covered_display": "30.14", "missing_lines": 51, "excluded_lines": 0}, "missing_lines": [39, 41, 47, 49, 67, 68, 70, 94, 95, 100, 103, 105, 106, 111, 135, 138, 139, 145, 156, 157, 158, 160, 186, 187, 193, 196, 198, 199, 205, 206, 212, 215, 216, 217, 220, 221, 224, 225, 231, 232, 234, 235, 237, 258, 259, 265, 268, 270, 271, 277, 278], "excluded_lines": [], "functions": {"get_users": {"executed_lines": [], "summary": {"covered_lines": 0, "num_statements": 4, "percent_covered": 0.0, "percent_covered_display": "0.00", "missing_lines": 4, "excluded_lines": 0}, "missing_lines": [39, 41, 47, 49], "excluded_lines": []}, "get_users_count": {"executed_lines": [], "summary": {"covered_lines": 0, "num_statements": 3, "percent_covered": 0.0, "percent_covered_display": "0.00", "missing_lines": 3, "excluded_lines": 0}, "missing_lines": [67, 68, 70], "excluded_lines": []}, "get_user": {"executed_lines": [], "summary": {"covered_lines": 0, "num_statements": 7, "percent_covered": 0.0, "percent_covered_display": "0.00", "missing_lines": 7, "excluded_lines": 0}, "missing_lines": [94, 95, 100, 103, 105, 106, 111], "excluded_lines": []}, "create_user": {"executed_lines": [], "summary": {"covered_lines": 0, "num_statements": 8, "percent_covered": 0.0, "percent_covered_display": "0.00", "missing_lines": 8, "excluded_lines": 0}, "missing_lines": [135, 138, 139, 145, 156, 157, 158, 160], "excluded_lines": []}, "update_user": {"executed_lines": [], "summary": {"covered_lines": 0, "num_statements": 21, "percent_covered": 0.0, "percent_covered_display": "0.00", "missing_lines": 21, "excluded_lines": 0}, "missing_lines": [186, 187, 193, 196, 198, 199, 205, 206, 212, 215, 216, 217, 220, 221, 224, 225, 231, 232, 234, 235, 237], "excluded_lines": []}, "delete_user": {"executed_lines": [], "summary": {"covered_lines": 0, "num_statements": 8, "percent_covered": 0.0, "percent_covered_display": "0.00", "missing_lines": 8, "excluded_lines": 0}, "missing_lines": [258, 259, 265, 268, 270, 271, 277, 278], "excluded_lines": []}, "": {"executed_lines": [1, 3, 5, 6, 7, 9, 14, 15, 16, 17, 19, 22, 23, 52, 53, 73, 74, 114, 115, 163, 164, 240, 241], "summary": {"covered_lines": 22, "num_statements": 22, "percent_covered": 100.0, "percent_covered_display": "100.00", "missing_lines": 0, "excluded_lines": 0}, "missing_lines": [], "excluded_lines": []}}, "classes": {"": {"executed_lines": [1, 3, 5, 6, 7, 9, 14, 15, 16, 17, 19, 22, 23, 52, 53, 73, 74, 114, 115, 163, 164, 240, 241], "summary": {"covered_lines": 22, "num_statements": 73, "percent_covered": 30.136986301369863, "percent_covered_display": "30.14", "missing_lines": 51, "excluded_lines": 0}, "missing_lines": [39, 41, 47, 49, 67, 68, 70, 94, 95, 100, 103, 105, 106, 111, 135, 138, 139, 145, 156, 157, 158, 160, 186, 187, 193, 196, 198, 199, 205, 206, 212, 215, 216, 217, 220, 221, 224, 225, 231, 232, 234, 235, 237, 258, 259, 265, 268, 270, 271, 277, 278], "excluded_lines": []}}}, "core/config.py": {"executed_lines": [1, 3, 4, 6, 7, 10, 11, 13, 20, 21, 22, 23, 24, 27, 28, 29, 32, 33, 34, 35, 38, 39, 40, 43, 44, 45, 46, 48, 49, 50, 51, 53, 54, 58, 59, 60, 61, 62, 63, 66, 69, 72, 75, 78, 81, 84, 85, 88, 89, 92, 93, 96, 97, 100, 101, 105], "summary": {"covered_lines": 54, "num_statements": 60, "percent_covered": 90.0, "percent_covered_display": "90.00", "missing_lines": 6, "excluded_lines": 0}, "missing_lines": [52, 55, 90, 94, 98, 102], "excluded_lines": [], "functions": {"Settings.assemble_cors_origins": {"executed_lines": [51, 53, 54], "summary": {"covered_lines": 3, "num_statements": 5, "percent_covered": 60.0, "percent_covered_display": "60.00", "missing_lines": 2, "excluded_lines": 0}, "missing_lines": [52, 55], "excluded_lines": []}, "Settings.BASE_DIR": {"executed_lines": [], "summary": {"covered_lines": 0, "num_statements": 1, "percent_covered": 0.0, "percent_covered_display": "0.00", "missing_lines": 1, "excluded_lines": 0}, "missing_lines": [90], "excluded_lines": []}, "Settings.STATIC_DIR": {"executed_lines": [], "summary": {"covered_lines": 0, "num_statements": 1, "percent_covered": 0.0, "percent_covered_display": "0.00", "missing_lines": 1, "excluded_lines": 0}, "missing_lines": [94], "excluded_lines": []}, "Settings.TEMPLATES_DIR": {"executed_lines": [], "summary": {"covered_lines": 0, "num_statements": 1, "percent_covered": 0.0, "percent_covered_display": "0.00", "missing_lines": 1, "excluded_lines": 0}, "missing_lines": [98], "excluded_lines": []}, "Settings.UPLOAD_DIR": {"executed_lines": [], "summary": {"covered_lines": 0, "num_statements": 1, "percent_covered": 0.0, "percent_covered_display": "0.00", "missing_lines": 1, "excluded_lines": 0}, "missing_lines": [102], "excluded_lines": []}, "": {"executed_lines": [1, 3, 4, 6, 7, 10, 11, 13, 20, 21, 22, 23, 24, 27, 28, 29, 32, 33, 34, 35, 38, 39, 40, 43, 44, 45, 46, 48, 49, 50, 58, 59, 60, 61, 62, 63, 66, 69, 72, 75, 78, 81, 84, 85, 88, 89, 92, 93, 96, 97, 100, 101, 105], "summary": {"covered_lines": 51, "num_statements": 51, "percent_covered": 100.0, "percent_covered_display": "100.00", "missing_lines": 0, "excluded_lines": 0}, "missing_lines": [], "excluded_lines": []}}, "classes": {"Settings": {"executed_lines": [51, 53, 54], "summary": {"covered_lines": 3, "num_statements": 9, "percent_covered": 33.333333333333336, "percent_covered_display": "33.33", "missing_lines": 6, "excluded_lines": 0}, "missing_lines": [52, 55, 90, 94, 98, 102], "excluded_lines": []}, "": {"executed_lines": [1, 3, 4, 6, 7, 10, 11, 13, 20, 21, 22, 23, 24, 27, 28, 29, 32, 33, 34, 35, 38, 39, 40, 43, 44, 45, 46, 48, 49, 50, 58, 59, 60, 61, 62, 63, 66, 69, 72, 75, 78, 81, 84, 85, 88, 89, 92, 93, 96, 97, 100, 101, 105], "summary": {"covered_lines": 51, "num_statements": 51, "percent_covered": 100.0, "percent_covered_display": "100.00", "missing_lines": 0, "excluded_lines": 0}, "missing_lines": [], "excluded_lines": []}}}, "core/middleware.py": {"executed_lines": [1, 3, 4, 5, 6, 7, 8, 9, 12, 15, 16, 18, 19, 22, 23, 24, 25, 26, 27, 30, 41, 44, 47, 50, 51, 53, 54, 55, 56, 58, 59, 61, 64, 65, 67, 71, 77, 81], "summary": {"covered_lines": 34, "num_statements": 38, "percent_covered": 89.47368421052632, "percent_covered_display": "89.47", "missing_lines": 4, "excluded_lines": 0}, "missing_lines": [45, 68, 69, 73], "excluded_lines": [], "functions": {"SecurityHeadersMiddleware.dispatch": {"executed_lines": [19, 22, 23, 24, 25, 26, 27, 30, 41, 44, 47], "summary": {"covered_lines": 11, "num_statements": 12, "percent_covered": 91.66666666666667, "percent_covered_display": "91.67", "missing_lines": 1, "excluded_lines": 0}, "missing_lines": [45], "excluded_lines": []}, "RequestIdMiddleware.dispatch": {"executed_lines": [54, 55, 56, 58, 59, 61], "summary": {"covered_lines": 6, "num_statements": 6, "percent_covered": 100.0, "percent_covered_display": "100.00", "missing_lines": 0, "excluded_lines": 0}, "missing_lines": [], "excluded_lines": []}, "RateLimitMiddleware.__init__": {"executed_lines": [], "summary": {"covered_lines": 0, "num_statements": 2, "percent_covered": 0.0, "percent_covered_display": "0.00", "missing_lines": 2, "excluded_lines": 0}, "missing_lines": [68, 69], "excluded_lines": []}, "RateLimitMiddleware.dispatch": {"executed_lines": [], "summary": {"covered_lines": 0, "num_statements": 1, "percent_covered": 0.0, "percent_covered_display": "0.00", "missing_lines": 1, "excluded_lines": 0}, "missing_lines": [73], "excluded_lines": []}, "": {"executed_lines": [1, 3, 4, 5, 6, 7, 8, 9, 12, 15, 16, 18, 50, 51, 53, 64, 65, 67, 71, 77, 81], "summary": {"covered_lines": 17, "num_statements": 17, "percent_covered": 100.0, "percent_covered_display": "100.00", "missing_lines": 0, "excluded_lines": 0}, "missing_lines": [], "excluded_lines": []}}, "classes": {"SecurityHeadersMiddleware": {"executed_lines": [19, 22, 23, 24, 25, 26, 27, 30, 41, 44, 47], "summary": {"covered_lines": 11, "num_statements": 12, "percent_covered": 91.66666666666667, "percent_covered_display": "91.67", "missing_lines": 1, "excluded_lines": 0}, "missing_lines": [45], "excluded_lines": []}, "RequestIdMiddleware": {"executed_lines": [54, 55, 56, 58, 59, 61], "summary": {"covered_lines": 6, "num_statements": 6, "percent_covered": 100.0, "percent_covered_display": "100.00", "missing_lines": 0, "excluded_lines": 0}, "missing_lines": [], "excluded_lines": []}, "RateLimitMiddleware": {"executed_lines": [], "summary": {"covered_lines": 0, "num_statements": 3, "percent_covered": 0.0, "percent_covered_display": "0.00", "missing_lines": 3, "excluded_lines": 0}, "missing_lines": [68, 69, 73], "excluded_lines": []}, "": {"executed_lines": [1, 3, 4, 5, 6, 7, 8, 9, 12, 15, 16, 18, 50, 51, 53, 64, 65, 67, 71, 77, 81], "summary": {"covered_lines": 17, "num_statements": 17, "percent_covered": 100.0, "percent_covered_display": "100.00", "missing_lines": 0, "excluded_lines": 0}, "missing_lines": [], "excluded_lines": []}}}, "core/rls.py": {"executed_lines": [1, 3, 4, 5, 6, 9, 38, 49, 50, 57, 60, 63, 67], "summary": {"covered_lines": 11, "num_statements": 22, "percent_covered": 50.0, "percent_covered_display": "50.00", "missing_lines": 11, "excluded_lines": 0}, "missing_lines": [25, 26, 31, 32, 45, 46, 58, 61, 65, 69, 70], "excluded_lines": [], "functions": {"set_rls_context": {"executed_lines": [], "summary": {"covered_lines": 0, "num_statements": 4, "percent_covered": 0.0, "percent_covered_display": "0.00", "missing_lines": 4, "excluded_lines": 0}, "missing_lines": [25, 26, 31, 32], "excluded_lines": []}, "clear_rls_context": {"executed_lines": [], "summary": {"covered_lines": 0, "num_statements": 2, "percent_covered": 0.0, "percent_covered_display": "0.00", "missing_lines": 2, "excluded_lines": 0}, "missing_lines": [45, 46], "excluded_lines": []}, "RLSMiddleware.__init__": {"executed_lines": [], "summary": {"covered_lines": 0, "num_statements": 1, "percent_covered": 0.0, "percent_covered_display": "0.00", "missing_lines": 1, "excluded_lines": 0}, "missing_lines": [58], "excluded_lines": []}, "RLSMiddleware.__aenter__": {"executed_lines": [], "summary": {"covered_lines": 0, "num_statements": 1, "percent_covered": 0.0, "percent_covered_display": "0.00", "missing_lines": 1, "excluded_lines": 0}, "missing_lines": [61], "excluded_lines": []}, "RLSMiddleware.__aexit__": {"executed_lines": [], "summary": {"covered_lines": 0, "num_statements": 1, "percent_covered": 0.0, "percent_covered_display": "0.00", "missing_lines": 1, "excluded_lines": 0}, "missing_lines": [65], "excluded_lines": []}, "RLSMiddleware.set_user_context": {"executed_lines": [], "summary": {"covered_lines": 0, "num_statements": 2, "percent_covered": 0.0, "percent_covered_display": "0.00", "missing_lines": 2, "excluded_lines": 0}, "missing_lines": [69, 70], "excluded_lines": []}, "": {"executed_lines": [1, 3, 4, 5, 6, 9, 38, 49, 50, 57, 60, 63, 67], "summary": {"covered_lines": 11, "num_statements": 11, "percent_covered": 100.0, "percent_covered_display": "100.00", "missing_lines": 0, "excluded_lines": 0}, "missing_lines": [], "excluded_lines": []}}, "classes": {"RLSMiddleware": {"executed_lines": [], "summary": {"covered_lines": 0, "num_statements": 5, "percent_covered": 0.0, "percent_covered_display": "0.00", "missing_lines": 5, "excluded_lines": 0}, "missing_lines": [58, 61, 65, 69, 70], "excluded_lines": []}, "": {"executed_lines": [1, 3, 4, 5, 6, 9, 38, 49, 50, 57, 60, 63, 67], "summary": {"covered_lines": 11, "num_statements": 17, "percent_covered": 64.70588235294117, "percent_covered_display": "64.71", "missing_lines": 6, "excluded_lines": 0}, "missing_lines": [25, 26, 31, 32, 45, 46], "excluded_lines": []}}}, "core/security.py": {"executed_lines": [1, 3, 4, 6, 7, 9, 11, 14, 39, 64, 78, 91, 107, 123], "summary": {"covered_lines": 13, "num_statements": 36, "percent_covered": 36.111111111111114, "percent_covered_display": "36.11", "missing_lines": 23, "excluded_lines": 0}, "missing_lines": [27, 28, 30, 34, 35, 36, 52, 53, 55, 59, 60, 61, 75, 88, 104, 117, 118, 119, 120, 133, 134, 135, 136], "excluded_lines": [], "functions": {"create_access_token": {"executed_lines": [], "summary": {"covered_lines": 0, "num_statements": 6, "percent_covered": 0.0, "percent_covered_display": "0.00", "missing_lines": 6, "excluded_lines": 0}, "missing_lines": [27, 28, 30, 34, 35, 36], "excluded_lines": []}, "create_refresh_token": {"executed_lines": [], "summary": {"covered_lines": 0, "num_statements": 6, "percent_covered": 0.0, "percent_covered_display": "0.00", "missing_lines": 6, "excluded_lines": 0}, "missing_lines": [52, 53, 55, 59, 60, 61], "excluded_lines": []}, "verify_password": {"executed_lines": [], "summary": {"covered_lines": 0, "num_statements": 1, "percent_covered": 0.0, "percent_covered_display": "0.00", "missing_lines": 1, "excluded_lines": 0}, "missing_lines": [75], "excluded_lines": []}, "get_password_hash": {"executed_lines": [], "summary": {"covered_lines": 0, "num_statements": 1, "percent_covered": 0.0, "percent_covered_display": "0.00", "missing_lines": 1, "excluded_lines": 0}, "missing_lines": [88], "excluded_lines": []}, "decode_token": {"executed_lines": [], "summary": {"covered_lines": 0, "num_statements": 1, "percent_covered": 0.0, "percent_covered_display": "0.00", "missing_lines": 1, "excluded_lines": 0}, "missing_lines": [104], "excluded_lines": []}, "create_email_verification_token": {"executed_lines": [], "summary": {"covered_lines": 0, "num_statements": 4, "percent_covered": 0.0, "percent_covered_display": "0.00", "missing_lines": 4, "excluded_lines": 0}, "missing_lines": [117, 118, 119, 120], "excluded_lines": []}, "create_password_reset_token": {"executed_lines": [], "summary": {"covered_lines": 0, "num_statements": 4, "percent_covered": 0.0, "percent_covered_display": "0.00", "missing_lines": 4, "excluded_lines": 0}, "missing_lines": [133, 134, 135, 136], "excluded_lines": []}, "": {"executed_lines": [1, 3, 4, 6, 7, 9, 11, 14, 39, 64, 78, 91, 107, 123], "summary": {"covered_lines": 13, "num_statements": 13, "percent_covered": 100.0, "percent_covered_display": "100.00", "missing_lines": 0, "excluded_lines": 0}, "missing_lines": [], "excluded_lines": []}}, "classes": {"": {"executed_lines": [1, 3, 4, 6, 7, 9, 11, 14, 39, 64, 78, 91, 107, 123], "summary": {"covered_lines": 13, "num_statements": 36, "percent_covered": 36.111111111111114, "percent_covered_display": "36.11", "missing_lines": 23, "excluded_lines": 0}, "missing_lines": [27, 28, 30, 34, 35, 36, 52, 53, 55, 59, 60, 61, 75, 88, 104, 117, 118, 119, 120, 133, 134, 135, 136], "excluded_lines": []}}}, "core/two_factor_auth.py": {"executed_lines": [1, 3, 4, 5, 6, 7, 8, 9, 10, 11, 12, 15, 16, 18, 22, 29, 31, 35, 39, 43, 79, 96, 114, 122, 130, 148], "summary": {"covered_lines": 24, "num_statements": 56, "percent_covered": 42.857142857142854, "percent_covered_display": "42.86", "missing_lines": 32, "excluded_lines": 0}, "missing_lines": [33, 37, 41, 54, 60, 66, 67, 70, 73, 74, 75, 77, 90, 91, 92, 93, 94, 105, 107, 108, 109, 110, 112, 119, 120, 124, 125, 126, 127, 128, 140, 141], "excluded_lines": [], "functions": {"TwoFactorAuth.__init__": {"executed_lines": [22, 29], "summary": {"covered_lines": 2, "num_statements": 2, "percent_covered": 100.0, "percent_covered_display": "100.00", "missing_lines": 0, "excluded_lines": 0}, "missing_lines": [], "excluded_lines": []}, "TwoFactorAuth.generate_secret": {"executed_lines": [], "summary": {"covered_lines": 0, "num_statements": 1, "percent_covered": 0.0, "percent_covered_display": "0.00", "missing_lines": 1, "excluded_lines": 0}, "missing_lines": [33], "excluded_lines": []}, "TwoFactorAuth.encrypt_secret": {"executed_lines": [], "summary": {"covered_lines": 0, "num_statements": 1, "percent_covered": 0.0, "percent_covered_display": "0.00", "missing_lines": 1, "excluded_lines": 0}, "missing_lines": [37], "excluded_lines": []}, "TwoFactorAuth.decrypt_secret": {"executed_lines": [], "summary": {"covered_lines": 0, "num_statements": 1, "percent_covered": 0.0, "percent_covered_display": "0.00", "missing_lines": 1, "excluded_lines": 0}, "missing_lines": [41], "excluded_lines": []}, "TwoFactorAuth.generate_qr_code": {"executed_lines": [], "summary": {"covered_lines": 0, "num_statements": 9, "percent_covered": 0.0, "percent_covered_display": "0.00", "missing_lines": 9, "excluded_lines": 0}, "missing_lines": [54, 60, 66, 67, 70, 73, 74, 75, 77], "excluded_lines": []}, "TwoFactorAuth.verify_totp": {"executed_lines": [], "summary": {"covered_lines": 0, "num_statements": 5, "percent_covered": 0.0, "percent_covered_display": "0.00", "missing_lines": 5, "excluded_lines": 0}, "missing_lines": [90, 91, 92, 93, 94], "excluded_lines": []}, "TwoFactorAuth.generate_backup_codes": {"executed_lines": [], "summary": {"covered_lines": 0, "num_statements": 6, "percent_covered": 0.0, "percent_covered_display": "0.00", "missing_lines": 6, "excluded_lines": 0}, "missing_lines": [105, 107, 108, 109, 110, 112], "excluded_lines": []}, "TwoFactorAuth.hash_backup_code": {"executed_lines": [], "summary": {"covered_lines": 0, "num_statements": 2, "percent_covered": 0.0, "percent_covered_display": "0.00", "missing_lines": 2, "excluded_lines": 0}, "missing_lines": [119, 120], "excluded_lines": []}, "TwoFactorAuth.verify_backup_code": {"executed_lines": [], "summary": {"covered_lines": 0, "num_statements": 5, "percent_covered": 0.0, "percent_covered_display": "0.00", "missing_lines": 5, "excluded_lines": 0}, "missing_lines": [124, 125, 126, 127, 128], "excluded_lines": []}, "TwoFactorAuth.get_totp_uri": {"executed_lines": [], "summary": {"covered_lines": 0, "num_statements": 2, "percent_covered": 0.0, "percent_covered_display": "0.00", "missing_lines": 2, "excluded_lines": 0}, "missing_lines": [140, 141], "excluded_lines": []}, "": {"executed_lines": [1, 3, 4, 5, 6, 7, 8, 9, 10, 11, 12, 15, 16, 18, 31, 35, 39, 43, 79, 96, 114, 122, 130, 148], "summary": {"covered_lines": 22, "num_statements": 22, "percent_covered": 100.0, "percent_covered_display": "100.00", "missing_lines": 0, "excluded_lines": 0}, "missing_lines": [], "excluded_lines": []}}, "classes": {"TwoFactorAuth": {"executed_lines": [22, 29], "summary": {"covered_lines": 2, "num_statements": 34, "percent_covered": 5.882352941176471, "percent_covered_display": "5.88", "missing_lines": 32, "excluded_lines": 0}, "missing_lines": [33, 37, 41, 54, 60, 66, 67, 70, 73, 74, 75, 77, 90, 91, 92, 93, 94, 105, 107, 108, 109, 110, 112, 119, 120, 124, 125, 126, 127, 128, 140, 141], "excluded_lines": []}, "": {"executed_lines": [1, 3, 4, 5, 6, 7, 8, 9, 10, 11, 12, 15, 16, 18, 31, 35, 39, 43, 79, 96, 114, 122, 130, 148], "summary": {"covered_lines": 22, "num_statements": 22, "percent_covered": 100.0, "percent_covered_display": "100.00", "missing_lines": 0, "excluded_lines": 0}, "missing_lines": [], "excluded_lines": []}}}, "create_migration.py": {"executed_lines": [], "summary": {"covered_lines": 0, "num_statements": 11, "percent_covered": 0.0, "percent_covered_display": "0.00", "missing_lines": 11, "excluded_lines": 0}, "missing_lines": [3, 4, 5, 6, 7, 10, 11, 14, 17, 18, 20], "excluded_lines": [], "functions": {"": {"executed_lines": [], "summary": {"covered_lines": 0, "num_statements": 11, "percent_covered": 0.0, "percent_covered_display": "0.00", "missing_lines": 11, "excluded_lines": 0}, "missing_lines": [3, 4, 5, 6, 7, 10, 11, 14, 17, 18, 20], "excluded_lines": []}}, "classes": {"": {"executed_lines": [], "summary": {"covered_lines": 0, "num_statements": 11, "percent_covered": 0.0, "percent_covered_display": "0.00", "missing_lines": 11, "excluded_lines": 0}, "missing_lines": [3, 4, 5, 6, 7, 10, 11, 14, 17, 18, 20], "excluded_lines": []}}}, "db/base.py": {"executed_lines": [1, 4, 8, 9, 10, 11, 12, 15], "summary": {"covered_lines": 7, "num_statements": 7, "percent_covered": 100.0, "percent_covered_display": "100.00", "missing_lines": 0, "excluded_lines": 0}, "missing_lines": [], "excluded_lines": [], "functions": {"": {"executed_lines": [1, 4, 8, 9, 10, 11, 12, 15], "summary": {"covered_lines": 7, "num_statements": 7, "percent_covered": 100.0, "percent_covered_display": "100.00", "missing_lines": 0, "excluded_lines": 0}, "missing_lines": [], "excluded_lines": []}}, "classes": {"": {"executed_lines": [1, 4, 8, 9, 10, 11, 12, 15], "summary": {"covered_lines": 7, "num_statements": 7, "percent_covered": 100.0, "percent_covered_display": "100.00", "missing_lines": 0, "excluded_lines": 0}, "missing_lines": [], "excluded_lines": []}}}, "db/session.py": {"executed_lines": [1, 3, 5, 6, 8, 9, 12, 13, 14, 17, 26, 35, 38, 56], "summary": {"covered_lines": 13, "num_statements": 33, "percent_covered": 39.39393939393939, "percent_covered_display": "39.39", "missing_lines": 20, "excluded_lines": 0}, "missing_lines": [45, 46, 47, 48, 49, 50, 51, 53, 66, 67, 69, 70, 76, 77, 78, 79, 80, 83, 84, 85], "excluded_lines": [], "functions": {"get_db": {"executed_lines": [], "summary": {"covered_lines": 0, "num_statements": 8, "percent_covered": 0.0, "percent_covered_display": "0.00", "missing_lines": 8, "excluded_lines": 0}, "missing_lines": [45, 46, 47, 48, 49, 50, 51, 53], "excluded_lines": []}, "get_db_with_rls": {"executed_lines": [], "summary": {"covered_lines": 0, "num_statements": 12, "percent_covered": 0.0, "percent_covered_display": "0.00", "missing_lines": 12, "excluded_lines": 0}, "missing_lines": [66, 67, 69, 70, 76, 77, 78, 79, 80, 83, 84, 85], "excluded_lines": []}, "": {"executed_lines": [1, 3, 5, 6, 8, 9, 12, 13, 14, 17, 26, 35, 38, 56], "summary": {"covered_lines": 13, "num_statements": 13, "percent_covered": 100.0, "percent_covered_display": "100.00", "missing_lines": 0, "excluded_lines": 0}, "missing_lines": [], "excluded_lines": []}}, "classes": {"": {"executed_lines": [1, 3, 5, 6, 8, 9, 12, 13, 14, 17, 26, 35, 38, 56], "summary": {"covered_lines": 13, "num_statements": 33, "percent_covered": 39.39393939393939, "percent_covered_display": "39.39", "missing_lines": 20, "excluded_lines": 0}, "missing_lines": [45, 46, 47, 48, 49, 50, 51, 53, 66, 67, 69, 70, 76, 77, 78, 79, 80, 83, 84, 85], "excluded_lines": []}}}, "entrypoint.py": {"executed_lines": [], "summary": {"covered_lines": 0, "num_statements": 14, "percent_covered": 0.0, "percent_covered_display": "0.00", "missing_lines": 14, "excluded_lines": 0}, "missing_lines": [5, 6, 7, 10, 11, 12, 15, 18, 19, 20, 23, 34, 35, 38], "excluded_lines": [], "functions": {"": {"executed_lines": [], "summary": {"covered_lines": 0, "num_statements": 14, "percent_covered": 0.0, "percent_covered_display": "0.00", "missing_lines": 14, "excluded_lines": 0}, "missing_lines": [5, 6, 7, 10, 11, 12, 15, 18, 19, 20, 23, 34, 35, 38], "excluded_lines": []}}, "classes": {"": {"executed_lines": [], "summary": {"covered_lines": 0, "num_statements": 14, "percent_covered": 0.0, "percent_covered_display": "0.00", "missing_lines": 14, "excluded_lines": 0}, "missing_lines": [5, 6, 7, 10, 11, 12, 15, 18, 19, 20, 23, 34, 35, 38], "excluded_lines": []}}}, "fix_2fa_field_names.py": {"executed_lines": [], "summary": {"covered_lines": 0, "num_statements": 27, "percent_covered": 0.0, "percent_covered_display": "0.00", "missing_lines": 27, "excluded_lines": 0}, "missing_lines": [4, 7, 9, 10, 13, 20, 21, 22, 25, 26, 27, 28, 29, 30, 33, 36, 37, 38, 39, 40, 42, 43, 44, 45, 47, 50, 51], "excluded_lines": [], "functions": {"fix_2fa_fields_in_file": {"executed_lines": [], "summary": {"covered_lines": 0, "num_statements": 12, "percent_covered": 0.0, "percent_covered_display": "0.00", "missing_lines": 12, "excluded_lines": 0}, "missing_lines": [9, 10, 13, 20, 21, 22, 25, 26, 27, 28, 29, 30], "excluded_lines": []}, "main": {"executed_lines": [], "summary": {"covered_lines": 0, "num_statements": 10, "percent_covered": 0.0, "percent_covered_display": "0.00", "missing_lines": 10, "excluded_lines": 0}, "missing_lines": [36, 37, 38, 39, 40, 42, 43, 44, 45, 47], "excluded_lines": []}, "": {"executed_lines": [], "summary": {"covered_lines": 0, "num_statements": 5, "percent_covered": 0.0, "percent_covered_display": "0.00", "missing_lines": 5, "excluded_lines": 0}, "missing_lines": [4, 7, 33, 50, 51], "excluded_lines": []}}, "classes": {"": {"executed_lines": [], "summary": {"covered_lines": 0, "num_statements": 27, "percent_covered": 0.0, "percent_covered_display": "0.00", "missing_lines": 27, "excluded_lines": 0}, "missing_lines": [4, 7, 9, 10, 13, 20, 21, 22, 25, 26, 27, 28, 29, 30, 33, 36, 37, 38, 39, 40, 42, 43, 44, 45, 47, 50, 51], "excluded_lines": []}}}, "fix_field_mismatches.py": {"executed_lines": [], "summary": {"covered_lines": 0, "num_statements": 54, "percent_covered": 0.0, "percent_covered_display": "0.00", "missing_lines": 54, "excluded_lines": 0}, "missing_lines": [4, 5, 8, 10, 11, 13, 16, 34, 35, 38, 39, 41, 42, 43, 44, 45, 47, 50, 52, 53, 54, 55, 58, 59, 60, 62, 63, 64, 66, 67, 69, 72, 73, 74, 75, 76, 77, 80, 83, 86, 87, 88, 89, 91, 92, 93, 94, 96, 97, 98, 99, 101, 104, 105], "excluded_lines": [], "functions": {"fix_field_names_in_file": {"executed_lines": [], "summary": {"covered_lines": 0, "num_statements": 34, "percent_covered": 0.0, "percent_covered_display": "0.00", "missing_lines": 34, "excluded_lines": 0}, "missing_lines": [10, 11, 13, 16, 34, 35, 38, 39, 41, 42, 43, 44, 45, 47, 50, 52, 53, 54, 55, 58, 59, 60, 62, 63, 64, 66, 67, 69, 72, 73, 74, 75, 76, 77], "excluded_lines": []}, "main": {"executed_lines": [], "summary": {"covered_lines": 0, "num_statements": 14, "percent_covered": 0.0, "percent_covered_display": "0.00", "missing_lines": 14, "excluded_lines": 0}, "missing_lines": [83, 86, 87, 88, 89, 91, 92, 93, 94, 96, 97, 98, 99, 101], "excluded_lines": []}, "": {"executed_lines": [], "summary": {"covered_lines": 0, "num_statements": 6, "percent_covered": 0.0, "percent_covered_display": "0.00", "missing_lines": 6, "excluded_lines": 0}, "missing_lines": [4, 5, 8, 80, 104, 105], "excluded_lines": []}}, "classes": {"": {"executed_lines": [], "summary": {"covered_lines": 0, "num_statements": 54, "percent_covered": 0.0, "percent_covered_display": "0.00", "missing_lines": 54, "excluded_lines": 0}, "missing_lines": [4, 5, 8, 10, 11, 13, 16, 34, 35, 38, 39, 41, 42, 43, 44, 45, 47, 50, 52, 53, 54, 55, 58, 59, 60, 62, 63, 64, 66, 67, 69, 72, 73, 74, 75, 76, 77, 80, 83, 86, 87, 88, 89, 91, 92, 93, 94, 96, 97, 98, 99, 101, 104, 105], "excluded_lines": []}}}, "fix_test_endpoints.py": {"executed_lines": [], "summary": {"covered_lines": 0, "num_statements": 28, "percent_covered": 0.0, "percent_covered_display": "0.00", "missing_lines": 28, "excluded_lines": 0}, "missing_lines": [4, 5, 6, 9, 11, 12, 15, 57, 58, 59, 60, 61, 64, 65, 66, 67, 68, 69, 72, 74, 85, 86, 87, 88, 89, 91, 94, 95], "excluded_lines": [], "functions": {"fix_endpoints_in_file": {"executed_lines": [], "summary": {"covered_lines": 0, "num_statements": 14, "percent_covered": 0.0, "percent_covered_display": "0.00", "missing_lines": 14, "excluded_lines": 0}, "missing_lines": [11, 12, 15, 57, 58, 59, 60, 61, 64, 65, 66, 67, 68, 69], "excluded_lines": []}, "main": {"executed_lines": [], "summary": {"covered_lines": 0, "num_statements": 7, "percent_covered": 0.0, "percent_covered_display": "0.00", "missing_lines": 7, "excluded_lines": 0}, "missing_lines": [74, 85, 86, 87, 88, 89, 91], "excluded_lines": []}, "": {"executed_lines": [], "summary": {"covered_lines": 0, "num_statements": 7, "percent_covered": 0.0, "percent_covered_display": "0.00", "missing_lines": 7, "excluded_lines": 0}, "missing_lines": [4, 5, 6, 9, 72, 94, 95], "excluded_lines": []}}, "classes": {"": {"executed_lines": [], "summary": {"covered_lines": 0, "num_statements": 28, "percent_covered": 0.0, "percent_covered_display": "0.00", "missing_lines": 28, "excluded_lines": 0}, "missing_lines": [4, 5, 6, 9, 11, 12, 15, 57, 58, 59, 60, 61, 64, 65, 66, 67, 68, 69, 72, 74, 85, 86, 87, 88, 89, 91, 94, 95], "excluded_lines": []}}}, "fix_user_verified_field.py": {"executed_lines": [], "summary": {"covered_lines": 0, "num_statements": 24, "percent_covered": 0.0, "percent_covered_display": "0.00", "missing_lines": 24, "excluded_lines": 0}, "missing_lines": [4, 7, 9, 10, 13, 14, 15, 16, 19, 20, 21, 22, 23, 24, 27, 29, 35, 36, 37, 38, 39, 41, 44, 45], "excluded_lines": [], "functions": {"fix_verified_field_in_file": {"executed_lines": [], "summary": {"covered_lines": 0, "num_statements": 12, "percent_covered": 0.0, "percent_covered_display": "0.00", "missing_lines": 12, "excluded_lines": 0}, "missing_lines": [9, 10, 13, 14, 15, 16, 19, 20, 21, 22, 23, 24], "excluded_lines": []}, "main": {"executed_lines": [], "summary": {"covered_lines": 0, "num_statements": 7, "percent_covered": 0.0, "percent_covered_display": "0.00", "missing_lines": 7, "excluded_lines": 0}, "missing_lines": [29, 35, 36, 37, 38, 39, 41], "excluded_lines": []}, "": {"executed_lines": [], "summary": {"covered_lines": 0, "num_statements": 5, "percent_covered": 0.0, "percent_covered_display": "0.00", "missing_lines": 5, "excluded_lines": 0}, "missing_lines": [4, 7, 27, 44, 45], "excluded_lines": []}}, "classes": {"": {"executed_lines": [], "summary": {"covered_lines": 0, "num_statements": 24, "percent_covered": 0.0, "percent_covered_display": "0.00", "missing_lines": 24, "excluded_lines": 0}, "missing_lines": [4, 7, 9, 10, 13, 14, 15, 16, 19, 20, 21, 22, 23, 24, 27, 29, 35, 36, 37, 38, 39, 41, 44, 45], "excluded_lines": []}}}, "main.py": {"executed_lines": [1, 3, 4, 5, 7, 8, 9, 10, 11, 13, 14, 15, 16, 17, 20, 23, 32, 33, 38, 39, 40, 42, 45, 49, 59, 60, 63, 64, 67, 74, 84, 85, 108, 109, 121, 125, 126, 131, 134, 135, 136, 138, 141], "summary": {"covered_lines": 42, "num_statements": 51, "percent_covered": 82.3529411764706, "percent_covered_display": "82.35", "missing_lines": 9, "excluded_lines": 0}, "missing_lines": [68, 89, 92, 93, 101, 113, 132, 142, 144], "excluded_lines": [], "functions": {"lifespan": {"executed_lines": [38, 39, 40, 42, 45], "summary": {"covered_lines": 5, "num_statements": 5, "percent_covered": 100.0, "percent_covered_display": "100.00", "missing_lines": 0, "excluded_lines": 0}, "missing_lines": [], "excluded_lines": []}, "global_exception_handler": {"executed_lines": [], "summary": {"covered_lines": 0, "num_statements": 4, "percent_covered": 0.0, "percent_covered_display": "0.00", "missing_lines": 4, "excluded_lines": 0}, "missing_lines": [89, 92, 93, 101], "excluded_lines": []}, "root": {"executed_lines": [], "summary": {"covered_lines": 0, "num_statements": 1, "percent_covered": 0.0, "percent_covered_display": "0.00", "missing_lines": 1, "excluded_lines": 0}, "missing_lines": [113], "excluded_lines": []}, "log_requests": {"executed_lines": [131, 134, 135, 136, 138], "summary": {"covered_lines": 5, "num_statements": 6, "percent_covered": 83.33333333333333, "percent_covered_display": "83.33", "missing_lines": 1, "excluded_lines": 0}, "missing_lines": [132], "excluded_lines": []}, "": {"executed_lines": [1, 3, 4, 5, 7, 8, 9, 10, 11, 13, 14, 15, 16, 17, 20, 23, 32, 33, 49, 59, 60, 63, 64, 67, 74, 84, 85, 108, 109, 121, 125, 126, 141], "summary": {"covered_lines": 32, "num_statements": 35, "percent_covered": 91.42857142857143, "percent_covered_display": "91.43", "missing_lines": 3, "excluded_lines": 0}, "missing_lines": [68, 142, 144], "excluded_lines": []}}, "classes": {"": {"executed_lines": [1, 3, 4, 5, 7, 8, 9, 10, 11, 13, 14, 15, 16, 17, 20, 23, 32, 33, 38, 39, 40, 42, 45, 49, 59, 60, 63, 64, 67, 74, 84, 85, 108, 109, 121, 125, 126, 131, 134, 135, 136, 138, 141], "summary": {"covered_lines": 42, "num_statements": 51, "percent_covered": 82.3529411764706, "percent_covered_display": "82.35", "missing_lines": 9, "excluded_lines": 0}, "missing_lines": [68, 89, 92, 93, 101, 113, 132, 142, 144], "excluded_lines": []}}}, "models/audit.py": {"executed_lines": [1, 3, 4, 6, 7, 9, 11, 16, 17, 19, 22, 23, 26, 27, 28, 31, 34, 35, 38, 39, 41, 45, 46, 48, 51, 52, 55, 56, 57, 60, 63, 64, 67, 68, 70], "summary": {"covered_lines": 32, "num_statements": 36, "percent_covered": 88.88888888888889, "percent_covered_display": "88.89", "missing_lines": 4, "excluded_lines": 0}, "missing_lines": [12, 13, 42, 71], "excluded_lines": [], "functions": {"AuditLog.__repr__": {"executed_lines": [], "summary": {"covered_lines": 0, "num_statements": 1, "percent_covered": 0.0, "percent_covered_display": "0.00", "missing_lines": 1, "excluded_lines": 0}, "missing_lines": [42], "excluded_lines": []}, "AnalyticsEvent.__repr__": {"executed_lines": [], "summary": {"covered_lines": 0, "num_statements": 1, "percent_covered": 0.0, "percent_covered_display": "0.00", "missing_lines": 1, "excluded_lines": 0}, "missing_lines": [71], "excluded_lines": []}, "": {"executed_lines": [1, 3, 4, 6, 7, 9, 11, 16, 17, 19, 22, 23, 26, 27, 28, 31, 34, 35, 38, 39, 41, 45, 46, 48, 51, 52, 55, 56, 57, 60, 63, 64, 67, 68, 70], "summary": {"covered_lines": 32, "num_statements": 34, "percent_covered": 94.11764705882354, "percent_covered_display": "94.12", "missing_lines": 2, "excluded_lines": 0}, "missing_lines": [12, 13], "excluded_lines": []}}, "classes": {"AuditLog": {"executed_lines": [], "summary": {"covered_lines": 0, "num_statements": 1, "percent_covered": 0.0, "percent_covered_display": "0.00", "missing_lines": 1, "excluded_lines": 0}, "missing_lines": [42], "excluded_lines": []}, "AnalyticsEvent": {"executed_lines": [], "summary": {"covered_lines": 0, "num_statements": 1, "percent_covered": 0.0, "percent_covered_display": "0.00", "missing_lines": 1, "excluded_lines": 0}, "missing_lines": [71], "excluded_lines": []}, "": {"executed_lines": [1, 3, 4, 6, 7, 9, 11, 16, 17, 19, 22, 23, 26, 27, 28, 31, 34, 35, 38, 39, 41, 45, 46, 48, 51, 52, 55, 56, 57, 60, 63, 64, 67, 68, 70], "summary": {"covered_lines": 32, "num_statements": 34, "percent_covered": 94.11764705882354, "percent_covered_display": "94.12", "missing_lines": 2, "excluded_lines": 0}, "missing_lines": [12, 13], "excluded_lines": []}}}, "models/base.py": {"executed_lines": [1, 3, 4, 6, 7, 8, 9, 12, 13, 15, 18, 19, 23, 24, 25], "summary": {"covered_lines": 13, "num_statements": 14, "percent_covered": 92.85714285714286, "percent_covered_display": "92.86", "missing_lines": 1, "excluded_lines": 0}, "missing_lines": [20], "excluded_lines": [], "functions": {"Base.__tablename__": {"executed_lines": [], "summary": {"covered_lines": 0, "num_statements": 1, "percent_covered": 0.0, "percent_covered_display": "0.00", "missing_lines": 1, "excluded_lines": 0}, "missing_lines": [20], "excluded_lines": []}, "": {"executed_lines": [1, 3, 4, 6, 7, 8, 9, 12, 13, 15, 18, 19, 23, 24, 25], "summary": {"covered_lines": 13, "num_statements": 13, "percent_covered": 100.0, "percent_covered_display": "100.00", "missing_lines": 0, "excluded_lines": 0}, "missing_lines": [], "excluded_lines": []}}, "classes": {"Base": {"executed_lines": [], "summary": {"covered_lines": 0, "num_statements": 1, "percent_covered": 0.0, "percent_covered_display": "0.00", "missing_lines": 1, "excluded_lines": 0}, "missing_lines": [20], "excluded_lines": []}, "": {"executed_lines": [1, 3, 4, 6, 7, 8, 9, 12, 13, 15, 18, 19, 23, 24, 25], "summary": {"covered_lines": 13, "num_statements": 13, "percent_covered": 100.0, "percent_covered_display": "100.00", "missing_lines": 0, "excluded_lines": 0}, "missing_lines": [], "excluded_lines": []}}}, "models/company.py": {"executed_lines": [1, 3, 4, 6, 7, 9, 11, 15, 16, 17, 18, 19, 20, 23, 24, 25, 26, 27, 28, 31, 32, 33, 34, 35, 36, 39, 40, 42, 45, 46, 47, 48, 51, 52, 55, 56, 57, 60, 61, 62, 65, 66, 67, 70, 73, 75, 78, 79, 83, 84, 88, 89, 93, 94], "summary": {"covered_lines": 49, "num_statements": 55, "percent_covered": 89.0909090909091, "percent_covered_display": "89.09", "missing_lines": 6, "excluded_lines": 0}, "missing_lines": [12, 76, 81, 86, 91, 96], "excluded_lines": [], "functions": {"Company.__repr__": {"executed_lines": [], "summary": {"covered_lines": 0, "num_statements": 1, "percent_covered": 0.0, "percent_covered_display": "0.00", "missing_lines": 1, "excluded_lines": 0}, "missing_lines": [76], "excluded_lines": []}, "Company.employee_count": {"executed_lines": [], "summary": {"covered_lines": 0, "num_statements": 1, "percent_covered": 0.0, "percent_covered_display": "0.00", "missing_lines": 1, "excluded_lines": 0}, "missing_lines": [81], "excluded_lines": []}, "Company.is_trial": {"executed_lines": [], "summary": {"covered_lines": 0, "num_statements": 1, "percent_covered": 0.0, "percent_covered_display": "0.00", "missing_lines": 1, "excluded_lines": 0}, "missing_lines": [86], "excluded_lines": []}, "Company.is_active": {"executed_lines": [], "summary": {"covered_lines": 0, "num_statements": 1, "percent_covered": 0.0, "percent_covered_display": "0.00", "missing_lines": 1, "excluded_lines": 0}, "missing_lines": [91], "excluded_lines": []}, "Company.is_suspended": {"executed_lines": [], "summary": {"covered_lines": 0, "num_statements": 1, "percent_covered": 0.0, "percent_covered_display": "0.00", "missing_lines": 1, "excluded_lines": 0}, "missing_lines": [96], "excluded_lines": []}, "": {"executed_lines": [1, 3, 4, 6, 7, 9, 11, 15, 16, 17, 18, 19, 20, 23, 24, 25, 26, 27, 28, 31, 32, 33, 34, 35, 36, 39, 40, 42, 45, 46, 47, 48, 51, 52, 55, 56, 57, 60, 61, 62, 65, 66, 67, 70, 73, 75, 78, 79, 83, 84, 88, 89, 93, 94], "summary": {"covered_lines": 49, "num_statements": 50, "percent_covered": 98.0, "percent_covered_display": "98.00", "missing_lines": 1, "excluded_lines": 0}, "missing_lines": [12], "excluded_lines": []}}, "classes": {"CompanySize": {"executed_lines": [], "summary": {"covered_lines": 0, "num_statements": 0, "percent_covered": 100.0, "percent_covered_display": "100.00", "missing_lines": 0, "excluded_lines": 0}, "missing_lines": [], "excluded_lines": []}, "CompanyStatus": {"executed_lines": [], "summary": {"covered_lines": 0, "num_statements": 0, "percent_covered": 100.0, "percent_covered_display": "100.00", "missing_lines": 0, "excluded_lines": 0}, "missing_lines": [], "excluded_lines": []}, "SubscriptionTier": {"executed_lines": [], "summary": {"covered_lines": 0, "num_statements": 0, "percent_covered": 100.0, "percent_covered_display": "100.00", "missing_lines": 0, "excluded_lines": 0}, "missing_lines": [], "excluded_lines": []}, "Company": {"executed_lines": [], "summary": {"covered_lines": 0, "num_statements": 5, "percent_covered": 0.0, "percent_covered_display": "0.00", "missing_lines": 5, "excluded_lines": 0}, "missing_lines": [76, 81, 86, 91, 96], "excluded_lines": []}, "": {"executed_lines": [1, 3, 4, 6, 7, 9, 11, 15, 16, 17, 18, 19, 20, 23, 24, 25, 26, 27, 28, 31, 32, 33, 34, 35, 36, 39, 40, 42, 45, 46, 47, 48, 51, 52, 55, 56, 57, 60, 61, 62, 65, 66, 67, 70, 73, 75, 78, 79, 83, 84, 88, 89, 93, 94], "summary": {"covered_lines": 49, "num_statements": 50, "percent_covered": 98.0, "percent_covered_display": "98.00", "missing_lines": 1, "excluded_lines": 0}, "missing_lines": [12], "excluded_lines": []}}}, "models/course.py": {"executed_lines": [1, 3, 4, 6, 7, 8, 9, 11, 13, 18, 19, 21, 24, 25, 26, 27, 28, 31, 32, 33, 36, 37, 38, 41, 42, 44, 48, 49, 51, 54, 55, 56, 57, 58, 59, 62, 63, 65, 69, 70, 72, 75, 76, 77, 80, 81, 82, 83, 84, 87, 89, 93, 94, 96, 99, 100, 101, 104, 105, 106, 107, 110, 111, 114, 115, 116, 119, 123], "summary": {"covered_lines": 63, "num_statements": 69, "percent_covered": 91.30434782608695, "percent_covered_display": "91.30", "missing_lines": 6, "excluded_lines": 0}, "missing_lines": [14, 15, 45, 66, 90, 124], "excluded_lines": [], "functions": {"Course.__repr__": {"executed_lines": [], "summary": {"covered_lines": 0, "num_statements": 1, "percent_covered": 0.0, "percent_covered_display": "0.00", "missing_lines": 1, "excluded_lines": 0}, "missing_lines": [45], "excluded_lines": []}, "Quiz.__repr__": {"executed_lines": [], "summary": {"covered_lines": 0, "num_statements": 1, "percent_covered": 0.0, "percent_covered_display": "0.00", "missing_lines": 1, "excluded_lines": 0}, "missing_lines": [66], "excluded_lines": []}, "QuizQuestion.__repr__": {"executed_lines": [], "summary": {"covered_lines": 0, "num_statements": 1, "percent_covered": 0.0, "percent_covered_display": "0.00", "missing_lines": 1, "excluded_lines": 0}, "missing_lines": [90], "excluded_lines": []}, "UserCourseProgress.__repr__": {"executed_lines": [], "summary": {"covered_lines": 0, "num_statements": 1, "percent_covered": 0.0, "percent_covered_display": "0.00", "missing_lines": 1, "excluded_lines": 0}, "missing_lines": [124], "excluded_lines": []}, "": {"executed_lines": [1, 3, 4, 6, 7, 8, 9, 11, 13, 18, 19, 21, 24, 25, 26, 27, 28, 31, 32, 33, 36, 37, 38, 41, 42, 44, 48, 49, 51, 54, 55, 56, 57, 58, 59, 62, 63, 65, 69, 70, 72, 75, 76, 77, 80, 81, 82, 83, 84, 87, 89, 93, 94, 96, 99, 100, 101, 104, 105, 106, 107, 110, 111, 114, 115, 116, 119, 123], "summary": {"covered_lines": 63, "num_statements": 65, "percent_covered": 96.92307692307692, "percent_covered_display": "96.92", "missing_lines": 2, "excluded_lines": 0}, "missing_lines": [14, 15], "excluded_lines": []}}, "classes": {"Course": {"executed_lines": [], "summary": {"covered_lines": 0, "num_statements": 1, "percent_covered": 0.0, "percent_covered_display": "0.00", "missing_lines": 1, "excluded_lines": 0}, "missing_lines": [45], "excluded_lines": []}, "Quiz": {"executed_lines": [], "summary": {"covered_lines": 0, "num_statements": 1, "percent_covered": 0.0, "percent_covered_display": "0.00", "missing_lines": 1, "excluded_lines": 0}, "missing_lines": [66], "excluded_lines": []}, "QuizQuestion": {"executed_lines": [], "summary": {"covered_lines": 0, "num_statements": 1, "percent_covered": 0.0, "percent_covered_display": "0.00", "missing_lines": 1, "excluded_lines": 0}, "missing_lines": [90], "excluded_lines": []}, "UserCourseProgress": {"executed_lines": [], "summary": {"covered_lines": 0, "num_statements": 1, "percent_covered": 0.0, "percent_covered_display": "0.00", "missing_lines": 1, "excluded_lines": 0}, "missing_lines": [124], "excluded_lines": []}, "": {"executed_lines": [1, 3, 4, 6, 7, 8, 9, 11, 13, 18, 19, 21, 24, 25, 26, 27, 28, 31, 32, 33, 36, 37, 38, 41, 42, 44, 48, 49, 51, 54, 55, 56, 57, 58, 59, 62, 63, 65, 69, 70, 72, 75, 76, 77, 80, 81, 82, 83, 84, 87, 89, 93, 94, 96, 99, 100, 101, 104, 105, 106, 107, 110, 111, 114, 115, 116, 119, 123], "summary": {"covered_lines": 63, "num_statements": 65, "percent_covered": 96.92307692307692, "percent_covered_display": "96.92", "missing_lines": 2, "excluded_lines": 0}, "missing_lines": [14, 15], "excluded_lines": []}}}, "models/password_reset_token.py": {"executed_lines": [1, 3, 4, 6, 7, 8, 10, 12, 16, 17, 19, 22, 23, 26, 27, 28, 30, 33, 34, 38, 39, 43, 44], "summary": {"covered_lines": 21, "num_statements": 26, "percent_covered": 80.76923076923077, "percent_covered_display": "80.77", "missing_lines": 5, "excluded_lines": 0}, "missing_lines": [13, 31, 36, 41, 46], "excluded_lines": [], "functions": {"PasswordResetToken.__repr__": {"executed_lines": [], "summary": {"covered_lines": 0, "num_statements": 1, "percent_covered": 0.0, "percent_covered_display": "0.00", "missing_lines": 1, "excluded_lines": 0}, "missing_lines": [31], "excluded_lines": []}, "PasswordResetToken.is_expired": {"executed_lines": [], "summary": {"covered_lines": 0, "num_statements": 1, "percent_covered": 0.0, "percent_covered_display": "0.00", "missing_lines": 1, "excluded_lines": 0}, "missing_lines": [36], "excluded_lines": []}, "PasswordResetToken.is_used": {"executed_lines": [], "summary": {"covered_lines": 0, "num_statements": 1, "percent_covered": 0.0, "percent_covered_display": "0.00", "missing_lines": 1, "excluded_lines": 0}, "missing_lines": [41], "excluded_lines": []}, "PasswordResetToken.is_valid": {"executed_lines": [], "summary": {"covered_lines": 0, "num_statements": 1, "percent_covered": 0.0, "percent_covered_display": "0.00", "missing_lines": 1, "excluded_lines": 0}, "missing_lines": [46], "excluded_lines": []}, "": {"executed_lines": [1, 3, 4, 6, 7, 8, 10, 12, 16, 17, 19, 22, 23, 26, 27, 28, 30, 33, 34, 38, 39, 43, 44], "summary": {"covered_lines": 21, "num_statements": 22, "percent_covered": 95.45454545454545, "percent_covered_display": "95.45", "missing_lines": 1, "excluded_lines": 0}, "missing_lines": [13], "excluded_lines": []}}, "classes": {"PasswordResetToken": {"executed_lines": [], "summary": {"covered_lines": 0, "num_statements": 4, "percent_covered": 0.0, "percent_covered_display": "0.00", "missing_lines": 4, "excluded_lines": 0}, "missing_lines": [31, 36, 41, 46], "excluded_lines": []}, "": {"executed_lines": [1, 3, 4, 6, 7, 8, 10, 12, 16, 17, 19, 22, 23, 26, 27, 28, 30, 33, 34, 38, 39, 43, 44], "summary": {"covered_lines": 21, "num_statements": 22, "percent_covered": 95.45454545454545, "percent_covered_display": "95.45", "missing_lines": 1, "excluded_lines": 0}, "missing_lines": [13], "excluded_lines": []}}}, "models/phishing.py": {"executed_lines": [1, 3, 4, 6, 7, 9, 11, 16, 17, 19, 22, 23, 24, 25, 28, 29, 32, 35, 36, 37, 40, 43, 44, 45, 46, 48, 51, 52, 56, 57, 65, 66, 68, 71, 72, 73, 76, 77, 78, 79, 80, 83, 86, 87, 88, 91, 93, 97, 98, 100, 103, 104, 107, 108, 109, 110, 111, 114, 115, 116, 119, 120, 122, 125, 126, 130, 131, 135, 136], "summary": {"covered_lines": 65, "num_statements": 80, "percent_covered": 81.25, "percent_covered_display": "81.25", "missing_lines": 15, "excluded_lines": 0}, "missing_lines": [12, 13, 49, 54, 59, 60, 61, 62, 94, 123, 128, 133, 138, 139, 140], "excluded_lines": [], "functions": {"PhishingCampaign.__repr__": {"executed_lines": [], "summary": {"covered_lines": 0, "num_statements": 1, "percent_covered": 0.0, "percent_covered_display": "0.00", "missing_lines": 1, "excluded_lines": 0}, "missing_lines": [49], "excluded_lines": []}, "PhishingCampaign.total_recipients": {"executed_lines": [], "summary": {"covered_lines": 0, "num_statements": 1, "percent_covered": 0.0, "percent_covered_display": "0.00", "missing_lines": 1, "excluded_lines": 0}, "missing_lines": [54], "excluded_lines": []}, "PhishingCampaign.click_rate": {"executed_lines": [], "summary": {"covered_lines": 0, "num_statements": 4, "percent_covered": 0.0, "percent_covered_display": "0.00", "missing_lines": 4, "excluded_lines": 0}, "missing_lines": [59, 60, 61, 62], "excluded_lines": []}, "PhishingTemplate.__repr__": {"executed_lines": [], "summary": {"covered_lines": 0, "num_statements": 1, "percent_covered": 0.0, "percent_covered_display": "0.00", "missing_lines": 1, "excluded_lines": 0}, "missing_lines": [94], "excluded_lines": []}, "PhishingResult.__repr__": {"executed_lines": [], "summary": {"covered_lines": 0, "num_statements": 1, "percent_covered": 0.0, "percent_covered_display": "0.00", "missing_lines": 1, "excluded_lines": 0}, "missing_lines": [123], "excluded_lines": []}, "PhishingResult.was_clicked": {"executed_lines": [], "summary": {"covered_lines": 0, "num_statements": 1, "percent_covered": 0.0, "percent_covered_display": "0.00", "missing_lines": 1, "excluded_lines": 0}, "missing_lines": [128], "excluded_lines": []}, "PhishingResult.was_reported": {"executed_lines": [], "summary": {"covered_lines": 0, "num_statements": 1, "percent_covered": 0.0, "percent_covered_display": "0.00", "missing_lines": 1, "excluded_lines": 0}, "missing_lines": [133], "excluded_lines": []}, "PhishingResult.response_time_seconds": {"executed_lines": [], "summary": {"covered_lines": 0, "num_statements": 3, "percent_covered": 0.0, "percent_covered_display": "0.00", "missing_lines": 3, "excluded_lines": 0}, "missing_lines": [138, 139, 140], "excluded_lines": []}, "": {"executed_lines": [1, 3, 4, 6, 7, 9, 11, 16, 17, 19, 22, 23, 24, 25, 28, 29, 32, 35, 36, 37, 40, 43, 44, 45, 46, 48, 51, 52, 56, 57, 65, 66, 68, 71, 72, 73, 76, 77, 78, 79, 80, 83, 86, 87, 88, 91, 93, 97, 98, 100, 103, 104, 107, 108, 109, 110, 111, 114, 115, 116, 119, 120, 122, 125, 126, 130, 131, 135, 136], "summary": {"covered_lines": 65, "num_statements": 67, "percent_covered": 97.01492537313433, "percent_covered_display": "97.01", "missing_lines": 2, "excluded_lines": 0}, "missing_lines": [12, 13], "excluded_lines": []}}, "classes": {"PhishingCampaign": {"executed_lines": [], "summary": {"covered_lines": 0, "num_statements": 6, "percent_covered": 0.0, "percent_covered_display": "0.00", "missing_lines": 6, "excluded_lines": 0}, "missing_lines": [49, 54, 59, 60, 61, 62], "excluded_lines": []}, "PhishingTemplate": {"executed_lines": [], "summary": {"covered_lines": 0, "num_statements": 1, "percent_covered": 0.0, "percent_covered_display": "0.00", "missing_lines": 1, "excluded_lines": 0}, "missing_lines": [94], "excluded_lines": []}, "PhishingResult": {"executed_lines": [], "summary": {"covered_lines": 0, "num_statements": 6, "percent_covered": 0.0, "percent_covered_display": "0.00", "missing_lines": 6, "excluded_lines": 0}, "missing_lines": [123, 128, 133, 138, 139, 140], "excluded_lines": []}, "": {"executed_lines": [1, 3, 4, 6, 7, 9, 11, 16, 17, 19, 22, 23, 24, 25, 28, 29, 32, 35, 36, 37, 40, 43, 44, 45, 46, 48, 51, 52, 56, 57, 65, 66, 68, 71, 72, 73, 76, 77, 78, 79, 80, 83, 86, 87, 88, 91, 93, 97, 98, 100, 103, 104, 107, 108, 109, 110, 111, 114, 115, 116, 119, 120, 122, 125, 126, 130, 131, 135, 136], "summary": {"covered_lines": 65, "num_statements": 67, "percent_covered": 97.01492537313433, "percent_covered_display": "97.01", "missing_lines": 2, "excluded_lines": 0}, "missing_lines": [12, 13], "excluded_lines": []}}}, "models/two_fa_attempt.py": {"executed_lines": [1, 3, 4, 6, 7, 8, 10, 12, 16, 17, 19, 22, 23, 26, 27, 28, 29, 31], "summary": {"covered_lines": 16, "num_statements": 18, "percent_covered": 88.88888888888889, "percent_covered_display": "88.89", "missing_lines": 2, "excluded_lines": 0}, "missing_lines": [13, 32], "excluded_lines": [], "functions": {"TwoFAAttempt.__repr__": {"executed_lines": [], "summary": {"covered_lines": 0, "num_statements": 1, "percent_covered": 0.0, "percent_covered_display": "0.00", "missing_lines": 1, "excluded_lines": 0}, "missing_lines": [32], "excluded_lines": []}, "": {"executed_lines": [1, 3, 4, 6, 7, 8, 10, 12, 16, 17, 19, 22, 23, 26, 27, 28, 29, 31], "summary": {"covered_lines": 16, "num_statements": 17, "percent_covered": 94.11764705882354, "percent_covered_display": "94.12", "missing_lines": 1, "excluded_lines": 0}, "missing_lines": [13], "excluded_lines": []}}, "classes": {"TwoFAAttempt": {"executed_lines": [], "summary": {"covered_lines": 0, "num_statements": 1, "percent_covered": 0.0, "percent_covered_display": "0.00", "missing_lines": 1, "excluded_lines": 0}, "missing_lines": [32], "excluded_lines": []}, "": {"executed_lines": [1, 3, 4, 6, 7, 8, 10, 12, 16, 17, 19, 22, 23, 26, 27, 28, 29, 31], "summary": {"covered_lines": 16, "num_statements": 17, "percent_covered": 94.11764705882354, "percent_covered_display": "94.12", "missing_lines": 1, "excluded_lines": 0}, "missing_lines": [13], "excluded_lines": []}}}, "models/user.py": {"executed_lines": [1, 3, 4, 5, 7, 8, 9, 10, 11, 12, 14, 16, 20, 21, 22, 23, 24, 25, 28, 29, 31, 34, 35, 38, 39, 42, 43, 44, 45, 46, 47, 48, 49, 52, 53, 54, 57, 58, 59, 60, 63, 66, 67, 68, 69, 70, 73, 74, 76, 79, 80, 84, 85, 89, 90, 94, 95, 99, 100, 104, 105, 109, 110, 116, 117, 121, 130], "summary": {"covered_lines": 64, "num_statements": 83, "percent_covered": 77.10843373493977, "percent_covered_display": "77.11", "missing_lines": 19, "excluded_lines": 0}, "missing_lines": [17, 77, 82, 87, 92, 97, 102, 107, 112, 113, 114, 119, 123, 124, 125, 126, 127, 128, 132], "excluded_lines": [], "functions": {"User.__repr__": {"executed_lines": [], "summary": {"covered_lines": 0, "num_statements": 1, "percent_covered": 0.0, "percent_covered_display": "0.00", "missing_lines": 1, "excluded_lines": 0}, "missing_lines": [77], "excluded_lines": []}, "User.full_name": {"executed_lines": [], "summary": {"covered_lines": 0, "num_statements": 1, "percent_covered": 0.0, "percent_covered_display": "0.00", "missing_lines": 1, "excluded_lines": 0}, "missing_lines": [82], "excluded_lines": []}, "User.is_company_admin": {"executed_lines": [], "summary": {"covered_lines": 0, "num_statements": 1, "percent_covered": 0.0, "percent_covered_display": "0.00", "missing_lines": 1, "excluded_lines": 0}, "missing_lines": [87], "excluded_lines": []}, "User.is_system_admin": {"executed_lines": [], "summary": {"covered_lines": 0, "num_statements": 1, "percent_covered": 0.0, "percent_covered_display": "0.00", "missing_lines": 1, "excluded_lines": 0}, "missing_lines": [92], "excluded_lines": []}, "User.is_manager": {"executed_lines": [], "summary": {"covered_lines": 0, "num_statements": 1, "percent_covered": 0.0, "percent_covered_display": "0.00", "missing_lines": 1, "excluded_lines": 0}, "missing_lines": [97], "excluded_lines": []}, "User.is_employee": {"executed_lines": [], "summary": {"covered_lines": 0, "num_statements": 1, "percent_covered": 0.0, "percent_covered_display": "0.00", "missing_lines": 1, "excluded_lines": 0}, "missing_lines": [102], "excluded_lines": []}, "User.is_verified": {"executed_lines": [], "summary": {"covered_lines": 0, "num_statements": 1, "percent_covered": 0.0, "percent_covered_display": "0.00", "missing_lines": 1, "excluded_lines": 0}, "missing_lines": [107], "excluded_lines": []}, "User.is_locked": {"executed_lines": [], "summary": {"covered_lines": 0, "num_statements": 3, "percent_covered": 0.0, "percent_covered_display": "0.00", "missing_lines": 3, "excluded_lines": 0}, "missing_lines": [112, 113, 114], "excluded_lines": []}, "User.has_2fa_enabled": {"executed_lines": [], "summary": {"covered_lines": 0, "num_statements": 1, "percent_covered": 0.0, "percent_covered_display": "0.00", "missing_lines": 1, "excluded_lines": 0}, "missing_lines": [119], "excluded_lines": []}, "User.get_backup_codes": {"executed_lines": [], "summary": {"covered_lines": 0, "num_statements": 6, "percent_covered": 0.0, "percent_covered_display": "0.00", "missing_lines": 6, "excluded_lines": 0}, "missing_lines": [123, 124, 125, 126, 127, 128], "excluded_lines": []}, "User.set_backup_codes": {"executed_lines": [], "summary": {"covered_lines": 0, "num_statements": 1, "percent_covered": 0.0, "percent_covered_display": "0.00", "missing_lines": 1, "excluded_lines": 0}, "missing_lines": [132], "excluded_lines": []}, "": {"executed_lines": [1, 3, 4, 5, 7, 8, 9, 10, 11, 12, 14, 16, 20, 21, 22, 23, 24, 25, 28, 29, 31, 34, 35, 38, 39, 42, 43, 44, 45, 46, 47, 48, 49, 52, 53, 54, 57, 58, 59, 60, 63, 66, 67, 68, 69, 70, 73, 74, 76, 79, 80, 84, 85, 89, 90, 94, 95, 99, 100, 104, 105, 109, 110, 116, 117, 121, 130], "summary": {"covered_lines": 64, "num_statements": 65, "percent_covered": 98.46153846153847, "percent_covered_display": "98.46", "missing_lines": 1, "excluded_lines": 0}, "missing_lines": [17], "excluded_lines": []}}, "classes": {"UserRole": {"executed_lines": [], "summary": {"covered_lines": 0, "num_statements": 0, "percent_covered": 100.0, "percent_covered_display": "100.00", "missing_lines": 0, "excluded_lines": 0}, "missing_lines": [], "excluded_lines": []}, "User": {"executed_lines": [], "summary": {"covered_lines": 0, "num_statements": 18, "percent_covered": 0.0, "percent_covered_display": "0.00", "missing_lines": 18, "excluded_lines": 0}, "missing_lines": [77, 82, 87, 92, 97, 102, 107, 112, 113, 114, 119, 123, 124, 125, 126, 127, 128, 132], "excluded_lines": []}, "": {"executed_lines": [1, 3, 4, 5, 7, 8, 9, 10, 11, 12, 14, 16, 20, 21, 22, 23, 24, 25, 28, 29, 31, 34, 35, 38, 39, 42, 43, 44, 45, 46, 47, 48, 49, 52, 53, 54, 57, 58, 59, 60, 63, 66, 67, 68, 69, 70, 73, 74, 76, 79, 80, 84, 85, 89, 90, 94, 95, 99, 100, 104, 105, 109, 110, 116, 117, 121, 130], "summary": {"covered_lines": 64, "num_statements": 65, "percent_covered": 98.46153846153847, "percent_covered_display": "98.46", "missing_lines": 1, "excluded_lines": 0}, "missing_lines": [17], "excluded_lines": []}}}, "schemas/base.py": {"executed_lines": [1, 3, 4, 5, 7, 10, 11, 13, 16, 17, 19, 20, 23, 24, 26, 29, 30, 32], "summary": {"covered_lines": 13, "num_statements": 13, "percent_covered": 100.0, "percent_covered_display": "100.00", "missing_lines": 0, "excluded_lines": 0}, "missing_lines": [], "excluded_lines": [], "functions": {"": {"executed_lines": [1, 3, 4, 5, 7, 10, 11, 13, 16, 17, 19, 20, 23, 24, 26, 29, 30, 32], "summary": {"covered_lines": 13, "num_statements": 13, "percent_covered": 100.0, "percent_covered_display": "100.00", "missing_lines": 0, "excluded_lines": 0}, "missing_lines": [], "excluded_lines": []}}, "classes": {"BaseSchema": {"executed_lines": [], "summary": {"covered_lines": 0, "num_statements": 0, "percent_covered": 100.0, "percent_covered_display": "100.00", "missing_lines": 0, "excluded_lines": 0}, "missing_lines": [], "excluded_lines": []}, "TimestampMixin": {"executed_lines": [], "summary": {"covered_lines": 0, "num_statements": 0, "percent_covered": 100.0, "percent_covered_display": "100.00", "missing_lines": 0, "excluded_lines": 0}, "missing_lines": [], "excluded_lines": []}, "IDMixin": {"executed_lines": [], "summary": {"covered_lines": 0, "num_statements": 0, "percent_covered": 100.0, "percent_covered_display": "100.00", "missing_lines": 0, "excluded_lines": 0}, "missing_lines": [], "excluded_lines": []}, "MessageResponse": {"executed_lines": [], "summary": {"covered_lines": 0, "num_statements": 0, "percent_covered": 100.0, "percent_covered_display": "100.00", "missing_lines": 0, "excluded_lines": 0}, "missing_lines": [], "excluded_lines": []}, "": {"executed_lines": [1, 3, 4, 5, 7, 10, 11, 13, 16, 17, 19, 20, 23, 24, 26, 29, 30, 32], "summary": {"covered_lines": 13, "num_statements": 13, "percent_covered": 100.0, "percent_covered_display": "100.00", "missing_lines": 0, "excluded_lines": 0}, "missing_lines": [], "excluded_lines": []}}}, "schemas/company.py": {"executed_lines": [1, 3, 5, 7, 10, 11, 13, 14, 15, 16, 17, 18, 21, 22, 23, 24, 25, 26, 29, 30, 34, 37, 38, 40, 46, 47, 49, 50, 51, 52, 53, 54, 57, 58, 59, 60, 61, 62, 65, 66, 70, 73, 77, 80, 81, 82, 85, 86, 87, 90, 91, 93, 94, 95, 96, 97, 98, 99, 10
[...]
3, 4, 5, 7, 8, 9, 10, 11, 14, 15, 16, 18, 19, 21, 23, 24, 25, 28, 36, 39, 47, 50, 61, 64, 75, 77, 88, 90, 91, 92, 93, 94, 95, 97, 98, 99, 101, 103, 104], "excluded_lines": [], "functions": {"seed_data": {"executed_lines": [], "summary": {"covered_lines": 0, "num_statements": 25, "percent_covered": 0.0, "percent_covered_display": "0.00", "missing_lines": 25, "excluded_lines": 0}, "missing_lines": [19, 21, 23, 24, 25, 28, 36, 39, 47, 50, 61, 64, 75, 77, 88, 90, 91, 92, 93, 94, 95, 97, 98, 99, 101], "excluded_lines": []}, "": {"executed_lines": [], "summary": {"covered_lines": 0, "num_statements": 14, "percent_covered": 0.0, "percent_covered_display": "0.00", "missing_lines": 14, "excluded_lines": 0}, "missing_lines": [3, 4, 5, 7, 8, 9, 10, 11, 14, 15, 16, 18, 103, 104], "excluded_lines": []}}, "classes": {"": {"executed_lines": [], "summary": {"covered_lines": 0, "num_statements": 39, "percent_covered": 0.0, "percent_covered_display": "0.00", "missing_lines": 39, "excluded_lines": 0}, "missing_lines": [3, 4, 5, 7, 8, 9, 10, 11, 14, 15, 16, 18, 19, 21, 23, 24, 25, 28, 36, 39, 47, 50, 61, 64, 75, 77, 88, 90, 91, 92, 93, 94, 95, 97, 98, 99, 101, 103, 104], "excluded_lines": []}}}, "scripts/seed_data.py": {"executed_lines": [], "summary": {"covered_lines": 0, "num_statements": 99, "percent_covered": 0.0, "percent_covered_display": "0.00", "missing_lines": 99, "excluded_lines": 0}, "missing_lines": [3, 4, 5, 6, 8, 9, 11, 12, 16, 19, 21, 23, 56, 57, 58, 59, 61, 62, 65, 67, 70, 81, 82, 85, 87, 98, 99, 102, 103, 114, 115, 117, 118, 121, 123, 125, 178, 179, 180, 181, 183, 186, 187, 194, 195, 198, 223, 224, 225, 227, 228, 231, 233, 235, 283, 284, 285, 286, 288, 289, 292, 295, 297, 298, 299, 300, 302, 312, 314, 317, 319, 320, 322, 323, 324, 325, 327, 330, 331, 333, 334, 336, 337, 339, 340, 342, 343, 346, 347, 350, 351, 352, 353, 355, 356, 357, 358, 361, 362], "excluded_lines": [], "functions": {"create_companies": {"executed_lines": [], "summary": {"covered_lines": 0, "num_statements": 8, "percent_covered": 0.0, "percent_covered_display": "0.00", "missing_lines": 8, "excluded_lines": 0}, "missing_lines": [21, 23, 56, 57, 58, 59, 61, 62], "excluded_lines": []}, "create_users": {"executed_lines": [], "summary": {"covered_lines": 0, "num_statements": 14, "percent_covered": 0.0, "percent_covered_display": "0.00", "missing_lines": 14, "excluded_lines": 0}, "missing_lines": [67, 70, 81, 82, 85, 87, 98, 99, 102, 103, 114, 115, 117, 118], "excluded_lines": []}, "create_courses": {"executed_lines": [], "summary": {"covered_lines": 0, "num_statements": 17, "percent_covered": 0.0, "percent_covered_display": "0.00", "missing_lines": 17, "excluded_lines": 0}, "missing_lines": [123, 125, 178, 179, 180, 181, 183, 186, 187, 194, 195, 198, 223, 224, 225, 227, 228], "excluded_lines": []}, "create_phishing_templates": {"executed_lines": [], "summary": {"covered_lines": 0, "num_statements": 8, "percent_covered": 0.0, "percent_covered_display": "0.00", "missing_lines": 8, "excluded_lines": 0}, "missing_lines": [233, 235, 283, 284, 285, 286, 288, 289], "excluded_lines": []}, "create_user_progress": {"executed_lines": [], "summary": {"covered_lines": 0, "num_statements": 8, "percent_covered": 0.0, "percent_covered_display": "0.00", "missing_lines": 8, "excluded_lines": 0}, "missing_lines": [295, 297, 298, 299, 300, 302, 312, 314], "excluded_lines": []}, "seed_database": {"executed_lines": [], "summary": {"covered_lines": 0, "num_statements": 27, "percent_covered": 0.0, "percent_covered_display": "0.00", "missing_lines": 27, "excluded_lines": 0}, "missing_lines": [319, 320, 322, 323, 324, 325, 327, 330, 331, 333, 334, 336, 337, 339, 340, 342, 343, 346, 347, 350, 351, 352, 353, 355, 356, 357, 358], "excluded_lines": []}, "": {"executed_lines": [], "summary": {"covered_lines": 0, "num_statements": 17, "percent_covered": 0.0, "percent_covered_display": "0.00", "missing_lines": 17, "excluded_lines": 0}, "missing_lines": [3, 4, 5, 6, 8, 9, 11, 12, 16, 19, 65, 121, 231, 292, 317, 361, 362], "excluded_lines": []}}, "classes": {"": {"executed_lines": [], "summary": {"covered_lines": 0, "num_statements": 99, "percent_covered": 0.0, "percent_covered_display": "0.00", "missing_lines": 99, "excluded_lines": 0}, "missing_lines": [3, 4, 5, 6, 8, 9, 11, 12, 16, 19, 21, 23, 56, 57, 58, 59, 61, 62, 65, 67, 70, 81, 82, 85, 87, 98, 99, 102, 103, 114, 115, 117, 118, 121, 123, 125, 178, 179, 180, 181, 183, 186, 187, 194, 195, 198, 223, 224, 225, 227, 228, 231, 233, 235, 283, 284, 285, 286, 288, 289, 292, 295, 297, 298, 299, 300, 302, 312, 314, 317, 319, 320, 322, 323, 324, 325, 327, 330, 331, 333, 334, 336, 337, 339, 340, 342, 343, 346, 347, 350, 351, 352, 353, 355, 356, 357, 358, 361, 362], "excluded_lines": []}}}, "scripts/seed_data_enhanced.py": {"executed_lines": [], "summary": {"covered_lines": 0, "num_statements": 213, "percent_covered": 0.0, "percent_covered_display": "0.00", "missing_lines": 213, "excluded_lines": 0}, "missing_lines": [3, 4, 5, 6, 7, 9, 10, 12, 13, 18, 19, 20, 24, 31, 37, 42, 57, 59, 61, 147, 148, 149, 150, 152, 153, 156, 158, 161, 175, 176, 179, 181, 182, 183, 199, 200, 203, 209, 212, 213, 214, 215, 216, 218, 234, 235, 238, 239, 240, 241, 242, 245, 246, 248, 265, 266, 268, 269, 272, 274, 276, 391, 393, 394, 396, 397, 398, 400, 403, 404, 412, 413, 416, 419, 435, 445, 446, 461, 462, 477, 478, 479, 481, 482, 485, 487, 490, 665, 666, 667, 668, 671, 672, 694, 695, 697, 698, 701, 708, 710, 712, 713, 714, 717, 718, 735, 736, 737, 740, 741, 743, 744, 746, 756, 759, 760, 776, 777, 779, 780, 783, 791, 793, 795, 796, 797, 798, 799, 800, 802, 804, 806, 808, 809, 810, 811, 813, 815, 816, 821, 822, 824, 835, 837, 840, 846, 857, 858, 859, 861, 872, 874, 877, 879, 880, 882, 883, 884, 885, 887, 890, 891, 892, 894, 895, 896, 898, 899, 900, 902, 903, 904, 906, 907, 908, 910, 911, 912, 914, 915, 916, 919, 920, 923, 924, 925, 926, 927, 928, 930, 931, 932, 933, 934, 936, 937, 938, 939, 940, 941, 943, 944, 945, 946, 947, 948, 949, 951, 952, 953, 954, 957, 958], "excluded_lines": [], "functions": {"create_companies": {"executed_lines": [], "summary": {"covered_lines": 0, "num_statements": 8, "percent_covered": 0.0, "percent_covered_display": "0.00", "missing_lines": 8, "excluded_lines": 0}, "missing_lines": [59, 61, 147, 148, 149, 150, 152, 153], "excluded_lines": []}, "create_users": {"executed_lines": [], "summary": {"covered_lines": 0, "num_statements": 32, "percent_covered": 0.0, "percent_covered_display": "0.00", "missing_lines": 32, "excluded_lines": 0}, "missing_lines": [158, 161, 175, 176, 179, 181, 182, 183, 199, 200, 203, 209, 212, 213, 214, 215, 216, 218, 234, 235, 238, 239, 240, 241, 242, 245, 246, 248, 265, 266, 268, 269], "excluded_lines": []}, "create_comprehensive_courses": {"executed_lines": [], "summary": {"covered_lines": 0, "num_statements": 25, "percent_covered": 0.0, "percent_covered_display": "0.00", "missing_lines": 25, "excluded_lines": 0}, "missing_lines": [274, 276, 391, 393, 394, 396, 397, 398, 400, 403, 404, 412, 413, 416, 419, 435, 445, 446, 461, 462, 477, 478, 479, 481, 482], "excluded_lines": []}, "create_phishing_templates": {"executed_lines": [], "summary": {"covered_lines": 0, "num_statements": 12, "percent_covered": 0.0, "percent_covered_display": "0.00", "missing_lines": 12, "excluded_lines": 0}, "missing_lines": [487, 490, 665, 666, 667, 668, 671, 672, 694, 695, 697, 698], "excluded_lines": []}, "create_phishing_campaigns": {"executed_lines": [], "summary": {"covered_lines": 0, "num_statements": 22, "percent_covered": 0.0, "percent_covered_display": "0.00", "missing_lines": 22, "excluded_lines": 0}, "missing_lines": [708, 710, 712, 713, 714, 717, 718, 735, 736, 737, 740, 741, 743, 744, 746, 756, 759, 760, 776, 777, 779, 780], "excluded_lines": []}, "create_user_progress": {"executed_lines": [], "summary": {"covered_lines": 0, "num_statements": 23, "percent_covered": 0.0, "percent_covered_display": "0.00", "missing_lines": 23, "excluded_lines": 0}, "missing_lines": [791, 793, 795, 796, 797, 798, 799, 800, 802, 804, 806, 808, 809, 810, 811, 813, 815, 816, 821, 822, 824, 835, 837], "excluded_lines": []}, "create_audit_logs": {"executed_lines": [], "summary": {"covered_lines": 0, "num_statements": 7, "percent_covered": 0.0, "percent_covered_display": "0.00", "missing_lines": 7, "excluded_lines": 0}, "missing_lines": [846, 857, 858, 859, 861, 872, 874], "excluded_lines": []}, "seed_database": {"executed_lines": [], "summary": {"covered_lines": 0, "num_statements": 58, "percent_covered": 0.0, "percent_covered_display": "0.00", "missing_lines": 58, "excluded_lines": 0}, "missing_lines": [879, 880, 882, 883, 884, 885, 887, 890, 891, 892, 894, 895, 896, 898, 899, 900, 902, 903, 904, 906, 907, 908, 910, 911, 912, 914, 915, 916, 919, 920, 923, 924, 925, 926, 927, 928, 930, 931, 932, 933, 934, 936, 937, 938, 939, 940, 941, 943, 944, 945, 946, 947, 948, 949, 951, 952, 953, 954], "excluded_lines": []}, "": {"executed_lines": [], "summary": {"covered_lines": 0, "num_statements": 26, "percent_covered": 0.0, "percent_covered_display": "0.00", "missing_lines": 26, "excluded_lines": 0}, "missing_lines": [3, 4, 5, 6, 7, 9, 10, 12, 13, 18, 19, 20, 24, 31, 37, 42, 57, 156, 272, 485, 701, 783, 840, 877, 957, 958], "excluded_lines": []}}, "classes": {"": {"executed_lines": [], "summary": {"covered_lines": 0, "num_statements": 213, "percent_covered": 0.0, "percent_covered_display": "0.00", "missing_lines": 213, "excluded_lines": 0}, "missing_lines": [3, 4, 5, 6, 7, 9, 10, 12, 13, 18, 19, 20, 24, 31, 37, 42, 57, 59, 61, 147, 148, 149, 150, 152, 153, 156, 158, 161, 175, 176, 179, 181, 182, 183, 199, 200, 203, 209, 212, 213, 214, 215, 216, 218, 234, 235, 238, 239, 240, 241, 242, 245, 246, 248, 265, 266, 268, 269, 272, 274, 276, 391, 393, 394, 396, 397, 398, 400, 403, 404, 412, 413, 416, 419, 435, 445, 446, 461, 462, 477, 478, 479, 481, 482, 485, 487, 490, 665, 666, 667, 668, 671, 672, 694, 695, 697, 698, 701, 708, 710, 712, 713, 714, 717, 718, 735, 736, 737, 740, 741, 743, 744, 746, 756, 759, 760, 776, 777, 779, 780, 783, 791, 793, 795, 796, 797, 798, 799, 800, 802, 804, 806, 808, 809, 810, 811, 813, 815, 816, 821, 822, 824, 835, 837, 840, 846, 857, 858, 859, 861, 872, 874, 877, 879, 880, 882, 883, 884, 885, 887, 890, 891, 892, 894, 895, 896, 898, 899, 900, 902, 903, 904, 906, 907, 908, 910, 911, 912, 914, 915, 916, 919, 920, 923, 924, 925, 926, 927, 928, 930, 931, 932, 933, 934, 936, 937, 938, 939, 940, 941, 943, 944, 945, 946, 947, 948, 949, 951, 952, 953, 954, 957, 958], "excluded_lines": []}}}, "scripts/seed_e2e_data.py": {"executed_lines": [], "summary": {"covered_lines": 0, "num_statements": 69, "percent_covered": 0.0, "percent_covered_display": "0.00", "missing_lines": 69, "excluded_lines": 0}, "missing_lines": [4, 5, 6, 9, 11, 12, 13, 14, 15, 16, 17, 19, 20, 22, 24, 72, 73, 75, 78, 80, 81, 82, 86, 87, 88, 90, 91, 93, 94, 96, 98, 129, 130, 132, 135, 137, 138, 139, 140, 141, 143, 144, 146, 147, 149, 152, 153, 154, 155, 158, 159, 160, 161, 163, 165, 167, 169, 170, 172, 173, 176, 177, 180, 182, 184, 185, 186, 188, 189], "excluded_lines": [], "functions": {"create_test_users": {"executed_lines": [], "summary": {"covered_lines": 0, "num_statements": 15, "percent_covered": 0.0, "percent_covered_display": "0.00", "missing_lines": 15, "excluded_lines": 0}, "missing_lines": [24, 72, 73, 75, 78, 80, 81, 82, 86, 87, 88, 90, 91, 93, 94], "excluded_lines": []}, "create_test_companies": {"executed_lines": [], "summary": {"covered_lines": 0, "num_statements": 14, "percent_covered": 0.0, "percent_covered_display": "0.00", "missing_lines": 14, "excluded_lines": 0}, "missing_lines": [98, 129, 130, 132, 135, 137, 138, 139, 140, 141, 143, 144, 146, 147], "excluded_lines": []}, "assign_users_to_companies": {"executed_lines": [], "summary": {"covered_lines": 0, "num_statements": 9, "percent_covered": 0.0, "percent_covered_display": "0.00", "missing_lines": 9, "excluded_lines": 0}, "missing_lines": [152, 153, 154, 155, 158, 159, 160, 161, 163], "excluded_lines": []}, "main": {"executed_lines": [], "summary": {"covered_lines": 0, "num_statements": 12, "percent_covered": 0.0, "percent_covered_display": "0.00", "missing_lines": 12, "excluded_lines": 0}, "missing_lines": [167, 169, 170, 172, 173, 176, 177, 180, 182, 184, 185, 186], "excluded_lines": []}, "": {"executed_lines": [], "summary": {"covered_lines": 0, "num_statements": 19, "percent_covered": 0.0, "percent_covered_display": "0.00", "missing_lines": 19, "excluded_lines": 0}, "missing_lines": [4, 5, 6, 9, 11, 12, 13, 14, 15, 16, 17, 19, 20, 22, 96, 149, 165, 188, 189], "excluded_lines": []}}, "classes": {"": {"executed_lines": [], "summary": {"covered_lines": 0, "num_statements": 69, "percent_covered": 0.0, "percent_covered_display": "0.00", "missing_lines": 69, "excluded_lines": 0}, "missing_lines": [4, 5, 6, 9, 11, 12, 13, 14, 15, 16, 17, 19, 20, 22, 24, 72, 73, 75, 78, 80, 81, 82, 86, 87, 88, 90, 91, 93, 94, 96, 98, 129, 130, 132, 135, 137, 138, 139, 140, 141, 143, 144, 146, 147, 149, 152, 153, 154, 155, 158, 159, 160, 161, 163, 165, 167, 169, 170, 172, 173, 176, 177, 180, 182, 184, 185, 186, 188, 189], "excluded_lines": []}}}, "scripts/test_enum_fix.py": {"executed_lines": [], "summary": {"covered_lines": 0, "num_statements": 27, "percent_covered": 0.0, "percent_covered_display": "0.00", "missing_lines": 27, "excluded_lines": 0}, "missing_lines": [4, 5, 8, 10, 12, 15, 16, 17, 20, 21, 22, 24, 27, 34, 35, 37, 38, 40, 41, 42, 43, 44, 45, 46, 48, 50, 51], "excluded_lines": [], "functions": {"test_enum_logic": {"executed_lines": [], "summary": {"covered_lines": 0, "num_statements": 15, "percent_covered": 0.0, "percent_covered_display": "0.00", "missing_lines": 15, "excluded_lines": 0}, "missing_lines": [12, 15, 27, 34, 35, 37, 38, 40, 41, 42, 43, 44, 45, 46, 48], "excluded_lines": []}, "test_enum_logic.create_enum_type_if_not_exists": {"executed_lines": [], "summary": {"covered_lines": 0, "num_statements": 6, "percent_covered": 0.0, "percent_covered_display": "0.00", "missing_lines": 6, "excluded_lines": 0}, "missing_lines": [16, 17, 20, 21, 22, 24], "excluded_lines": []}, "": {"executed_lines": [], "summary": {"covered_lines": 0, "num_statements": 6, "percent_covered": 0.0, "percent_covered_display": "0.00", "missing_lines": 6, "excluded_lines": 0}, "missing_lines": [4, 5, 8, 10, 50, 51], "excluded_lines": []}}, "classes": {"": {"executed_lines": [], "summary": {"covered_lines": 0, "num_statements": 27, "percent_covered": 0.0, "percent_covered_display": "0.00", "missing_lines": 27, "excluded_lines": 0}, "missing_lines": [4, 5, 8, 10, 12, 15, 16, 17, 20, 21, 22, 24, 27, 34, 35, 37, 38, 40, 41, 42, 43, 44, 45, 46, 48, 50, 51], "excluded_lines": []}}}, "scripts/test_rls.py": {"executed_lines": [], "summary": {"covered_lines": 0, "num_statements": 85, "percent_covered": 0.0, "percent_covered_display": "0.00", "missing_lines": 85, "excluded_lines": 0}, "missing_lines": [3, 4, 5, 6, 7, 8, 11, 13, 14, 17, 25, 27, 28, 29, 31, 32, 33, 35, 36, 37, 38, 41, 42, 43, 44, 45, 48, 49, 50, 51, 52, 53, 54, 57, 58, 59, 60, 61, 62, 63, 66, 67, 68, 69, 70, 71, 72, 75, 76, 77, 78, 79, 80, 83, 84, 85, 86, 87, 88, 91, 92, 93, 94, 95, 97, 98, 101, 103, 104, 106, 121, 122, 124, 125, 126, 127, 128, 130, 131, 133, 136, 138, 139, 142, 143], "excluded_lines": [], "functions": {"test_rls_policies": {"executed_lines": [], "summary": {"covered_lines": 0, "num_statements": 59, "percent_covered": 0.0, "percent_covered_display": "0.00", "missing_lines": 59, "excluded_lines": 0}, "missing_lines": [13, 14, 17, 25, 27, 28, 29, 31, 32, 33, 35, 36, 37, 38, 41, 42, 43, 44, 45, 48, 49, 50, 51, 52, 53, 54, 57, 58, 59, 60, 61, 62, 63, 66, 67, 68, 69, 70, 71, 72, 75, 76, 77, 78, 79, 80, 83, 84, 85, 86, 87, 88, 91, 92, 93, 94, 95, 97, 98], "excluded_lines": []}, "verify_rls_enabled": {"executed_lines": [], "summary": {"covered_lines": 0, "num_statements": 13, "percent_covered": 0.0, "percent_covered_display": "0.00", "missing_lines": 13, "excluded_lines": 0}, "missing_lines": [103, 104, 106, 121, 122, 124, 125, 126, 127, 128, 130, 131, 133], "excluded_lines": []}, "main": {"executed_lines": [], "summary": {"covered_lines": 0, "num_statements": 2, "percent_covered": 0.0, "percent_covered_display": "0.00", "missing_lines": 2, "excluded_lines": 0}, "missing_lines": [138, 139], "excluded_lines": []}, "": {"executed_lines": [], "summary": {"covered_lines": 0, "num_statements": 11, "percent_covered": 0.0, "percent_covered_display": "0.00", "missing_lines": 11, "excluded_lines": 0}, "missing_lines": [3, 4, 5, 6, 7, 8, 11, 101, 136, 142, 143], "excluded_lines": []}}, "classes": {"": {"executed_lines": [], "summary": {"covered_lines": 0, "num_statements": 85, "percent_covered": 0.0, "percent_covered_display": "0.00", "missing_lines": 85, "excluded_lines": 0}, "missing_lines": [3, 4, 5, 6, 7, 8, 11, 13, 14, 17, 25, 27, 28, 29, 31, 32, 33, 35, 36, 37, 38, 41, 42, 43, 44, 45, 48, 49, 50, 51, 52, 53, 54, 57, 58, 59, 60, 61, 62, 63, 66, 67, 68, 69, 70, 71, 72, 75, 76, 77, 78, 79, 80, 83, 84, 85, 86, 87, 88, 91, 92, 93, 94, 95, 97, 98, 101, 103, 104, 106, 121, 122, 124, 125, 126, 127, 128, 130, 131, 133, 136, 138, 139, 142, 143], "excluded_lines": []}}}, "services/email.py": {"executed_lines": [1, 3, 4, 5, 6, 7, 9, 11, 14, 15, 17, 18, 19, 20, 21, 22, 23, 25, 79, 82, 154], "summary": {"covered_lines": 19, "num_statements": 50, "percent_covered": 38.0, "percent_covered_display": "38.00", "missing_lines": 31, "excluded_lines": 0}, "missing_lines": [44, 46, 47, 48, 49, 52, 53, 54, 56, 57, 60, 61, 62, 63, 64, 66, 67, 69, 70, 71, 73, 74, 75, 94, 96, 133, 146, 166, 168, 210, 226], "excluded_lines": [], "functions": {"EmailService.__init__": {"executed_lines": [18, 19, 20, 21, 22, 23], "summary": {"covered_lines": 6, "num_statements": 6, "percent_covered": 100.0, "percent_covered_display": "100.00", "missing_lines": 0, "excluded_lines": 0}, "missing_lines": [], "excluded_lines": []}, "EmailService.send_email": {"executed_lines": [], "summary": {"covered_lines": 0, "num_statements": 23, "percent_covered": 0.0, "percent_covered_display": "0.00", "missing_lines": 23, "excluded_lines": 0}, "missing_lines": [44, 46, 47, 48, 49, 52, 53, 54, 56, 57, 60, 61, 62, 63, 64, 66, 67, 69, 70, 71, 73, 74, 75], "excluded_lines": []}, "send_verification_email": {"executed_lines": [], "summary": {"covered_lines": 0, "num_statements": 4, "percent_covered": 0.0, "percent_covered_display": "0.00", "missing_lines": 4, "excluded_lines": 0}, "missing_lines": [94, 96, 133, 146], "excluded_lines": []}, "send_password_reset_email": {"executed_lines": [], "summary": {"covered_lines": 0, "num_statements": 4, "percent_covered": 0.0, "percent_covered_display": "0.00", "missing_lines": 4, "excluded_lines": 0}, "missing_lines": [166, 168, 210, 226], "excluded_lines": []}, "": {"executed_lines": [1, 3, 4, 5, 6, 7, 9, 11, 14, 15, 17, 25, 79, 82, 154], "summary": {"covered_lines": 13, "num_statements": 13, "percent_covered": 100.0, "percent_covered_display": "100.00", "missing_lines": 0, "excluded_lines": 0}, "missing_lines": [], "excluded_lines": []}}, "classes": {"EmailService": {"executed_lines": [18, 19, 20, 21, 22, 23], "summary": {"covered_lines": 6, "num_statements": 29, "percent_covered": 20.689655172413794, "percent_covered_display": "20.69", "missing_lines": 23, "excluded_lines": 0}, "missing_lines": [44, 46, 47, 48, 49, 52, 53, 54, 56, 57, 60, 61, 62, 63, 64, 66, 67, 69, 70, 71, 73, 74, 75], "excluded_lines": []}, "": {"executed_lines": [1, 3, 4, 5, 6, 7, 9, 11, 14, 15, 17, 25, 79, 82, 154], "summary": {"covered_lines": 13, "num_statements": 21, "percent_covered": 61.904761904761905, "percent_covered_display": "61.90", "missing_lines": 8, "excluded_lines": 0}, "missing_lines": [94, 96, 133, 146, 166, 168, 210, 226], "excluded_lines": []}}}}, "totals": {"covered_lines": 887, "num_statements": 2620, "percent_covered": 33.85496183206107, "percent_covered_display": "33.85", "missing_lines": 1733, "excluded_lines": 0}}